==3646411== Memcheck, a memory error detector
==3646411== Copyright (C) 2002-2017, and GNU GPL'd, by Julian Seward et al.
==3646411== Using Valgrind-3.18.1 and LibVEX; rerun with -h for copyright info
==3646411== Command: ./minishell
==3646411== Parent PID: 3643403
==3646411== 
==3646411== 
==3646411== Process terminating with default action of signal 1 (SIGHUP)
==3646411==    at 0x402E90: is_valid_exit_arg (exit_utils.c:17)
==3646411==    by 0x4037A8: process_exit_argument (exit.c:34)
==3646411==    by 0x4036CC: builtin_exit (exit.c:62)
==3646411==    by 0x406B2C: execute_simple_command (executor.c:58)
==3646411==    by 0x4069C9: ft_exec (executor.c:85)
==3646411==    by 0x4045E2: s_process_loop (input_utils.c:64)
==3646411==    by 0x405F42: main (main.c:33)
==3646411== 
==3646411== HEAP SUMMARY:
==3646411==     in use at exit: 219,548 bytes in 356 blocks
==3646411==   total heap usage: 831 allocs, 475 frees, 243,872 bytes allocated
==3646411== 
==3646411== 2 bytes in 1 blocks are still reachable in loss record 1 of 98
==3646411==    at 0x4848899: malloc (in /usr/libexec/valgrind/vgpreload_memcheck-amd64-linux.so)
==3646411==    by 0x408AA4: ft_strdup (in /nfs/homes/mmariano/Documents/github/42-minishell/minishell)
==3646411==    by 0x401AD7: add_arg (parser_utils.c:60)
==3646411==    by 0x401C95: handle_cmd_or_arg (parser_utils.c:105)
==3646411==    by 0x401E74: handle_word_token (parser_logic.c:54)
==3646411==    by 0x40167A: process_token (parse_tokens.c:90)
==3646411==    by 0x401739: parse_tokens (parse_tokens.c:115)
==3646411==    by 0x4045BF: s_process_loop (input_utils.c:61)
==3646411==    by 0x405F42: main (main.c:33)
==3646411== 
==3646411== 5 bytes in 1 blocks are still reachable in loss record 2 of 98
==3646411==    at 0x4848899: malloc (in /usr/libexec/valgrind/vgpreload_memcheck-amd64-linux.so)
==3646411==    by 0x408AA4: ft_strdup (in /nfs/homes/mmariano/Documents/github/42-minishell/minishell)
==3646411==    by 0x401C49: handle_cmd_or_arg (parser_utils.c:99)
==3646411==    by 0x401E74: handle_word_token (parser_logic.c:54)
==3646411==    by 0x40167A: process_token (parse_tokens.c:90)
==3646411==    by 0x401739: parse_tokens (parse_tokens.c:115)
==3646411==    by 0x4045BF: s_process_loop (input_utils.c:61)
==3646411==    by 0x405F42: main (main.c:33)
==3646411== 
==3646411== 5 bytes in 1 blocks are still reachable in loss record 3 of 98
==3646411==    at 0x4848899: malloc (in /usr/libexec/valgrind/vgpreload_memcheck-amd64-linux.so)
==3646411==    by 0x408AA4: ft_strdup (in /nfs/homes/mmariano/Documents/github/42-minishell/minishell)
==3646411==    by 0x401AD7: add_arg (parser_utils.c:60)
==3646411==    by 0x401C7D: handle_cmd_or_arg (parser_utils.c:102)
==3646411==    by 0x401E74: handle_word_token (parser_logic.c:54)
==3646411==    by 0x40167A: process_token (parse_tokens.c:90)
==3646411==    by 0x401739: parse_tokens (parse_tokens.c:115)
==3646411==    by 0x4045BF: s_process_loop (input_utils.c:61)
==3646411==    by 0x405F42: main (main.c:33)
==3646411== 
==3646411== 7 bytes in 1 blocks are still reachable in loss record 4 of 98
==3646411==    at 0x4848899: malloc (in /usr/libexec/valgrind/vgpreload_memcheck-amd64-linux.so)
==3646411==    by 0x496C5CE: strndup (strndup.c:43)
==3646411==    by 0x48FB814: _nl_find_locale (findlocale.c:310)
==3646411==    by 0x48FAA90: setlocale (setlocale.c:414)
==3646411==    by 0x48FAA90: setlocale (setlocale.c:217)
==3646411==    by 0x48A3C45: _rl_init_locale (in /usr/lib/x86_64-linux-gnu/libreadline.so.8.1)
==3646411==    by 0x48A3D2C: _rl_init_eightbit (in /usr/lib/x86_64-linux-gnu/libreadline.so.8.1)
==3646411==    by 0x4891A31: rl_initialize (in /usr/lib/x86_64-linux-gnu/libreadline.so.8.1)
==3646411==    by 0x4891CD4: readline (in /usr/lib/x86_64-linux-gnu/libreadline.so.8.1)
==3646411==    by 0x40502B: read_a_line (input.c:46)
==3646411==    by 0x404FA4: read_input (input.c:62)
==3646411==    by 0x404574: s_process_loop (input_utils.c:52)
==3646411==    by 0x405F42: main (main.c:33)
==3646411== 
==3646411== 7 bytes in 1 blocks are still reachable in loss record 5 of 98
==3646411==    at 0x4848899: malloc (in /usr/libexec/valgrind/vgpreload_memcheck-amd64-linux.so)
==3646411==    by 0x48A9BAC: xmalloc (in /usr/lib/x86_64-linux-gnu/libreadline.so.8.1)
==3646411==    by 0x4887694: readline_internal_teardown (in /usr/lib/x86_64-linux-gnu/libreadline.so.8.1)
==3646411==    by 0x4891D2A: readline (in /usr/lib/x86_64-linux-gnu/libreadline.so.8.1)
==3646411==    by 0x40502B: read_a_line (input.c:46)
==3646411==    by 0x404FA4: read_input (input.c:62)
==3646411==    by 0x404574: s_process_loop (input_utils.c:52)
==3646411==    by 0x405F42: main (main.c:33)
==3646411== 
==3646411== 7 bytes in 2 blocks are still reachable in loss record 6 of 98
==3646411==    at 0x484DCD3: realloc (in /usr/libexec/valgrind/vgpreload_memcheck-amd64-linux.so)
==3646411==    by 0x407B3A: ft_realloc (memory_utils.c:40)
==3646411==    by 0x404A79: append_char (var_expansion.c:20)
==3646411==    by 0x404A24: process_expansion_segment (var_expansion.c:82)
==3646411==    by 0x404913: expand_variables (var_expansion.c:106)
==3646411==    by 0x4055A0: expand_token_list (var_expansion_utils.c:98)
==3646411==    by 0x4016EC: parse_tokens (parse_tokens.c:107)
==3646411==    by 0x4045BF: s_process_loop (input_utils.c:61)
==3646411==    by 0x405F42: main (main.c:33)
==3646411== 
==3646411== 8 bytes in 1 blocks are still reachable in loss record 7 of 98
==3646411==    at 0x4848899: malloc (in /usr/libexec/valgrind/vgpreload_memcheck-amd64-linux.so)
==3646411==    by 0x496C58E: strdup (strdup.c:42)
==3646411==    by 0x4B0AD17: _nc_trim_sgr0 (in /usr/lib/x86_64-linux-gnu/libtinfo.so.6.3)
==3646411==    by 0x4B096A8: tgetent_sp (in /usr/lib/x86_64-linux-gnu/libtinfo.so.6.3)
==3646411==    by 0x48A51CD: _rl_init_terminal_io (in /usr/lib/x86_64-linux-gnu/libreadline.so.8.1)
==3646411==    by 0x4891A0F: rl_initialize (in /usr/lib/x86_64-linux-gnu/libreadline.so.8.1)
==3646411==    by 0x4891CD4: readline (in /usr/lib/x86_64-linux-gnu/libreadline.so.8.1)
==3646411==    by 0x40502B: read_a_line (input.c:46)
==3646411==    by 0x404FA4: read_input (input.c:62)
==3646411==    by 0x404574: s_process_loop (input_utils.c:52)
==3646411==    by 0x405F42: main (main.c:33)
==3646411== 
==3646411== 8 bytes in 1 blocks are still reachable in loss record 8 of 98
==3646411==    at 0x4848899: malloc (in /usr/libexec/valgrind/vgpreload_memcheck-amd64-linux.so)
==3646411==    by 0x496C58E: strdup (strdup.c:42)
==3646411==    by 0x48FAACA: setlocale (setlocale.c:431)
==3646411==    by 0x48FAACA: setlocale (setlocale.c:217)
==3646411==    by 0x48A3C45: _rl_init_locale (in /usr/lib/x86_64-linux-gnu/libreadline.so.8.1)
==3646411==    by 0x48A3D2C: _rl_init_eightbit (in /usr/lib/x86_64-linux-gnu/libreadline.so.8.1)
==3646411==    by 0x4891A31: rl_initialize (in /usr/lib/x86_64-linux-gnu/libreadline.so.8.1)
==3646411==    by 0x4891CD4: readline (in /usr/lib/x86_64-linux-gnu/libreadline.so.8.1)
==3646411==    by 0x40502B: read_a_line (input.c:46)
==3646411==    by 0x404FA4: read_input (input.c:62)
==3646411==    by 0x404574: s_process_loop (input_utils.c:52)
==3646411==    by 0x405F42: main (main.c:33)
==3646411== 
==3646411== 8 bytes in 1 blocks are still reachable in loss record 9 of 98
==3646411==    at 0x484DCD3: realloc (in /usr/libexec/valgrind/vgpreload_memcheck-amd64-linux.so)
==3646411==    by 0x48AA491: xrealloc (in /usr/lib/x86_64-linux-gnu/libreadline.so.8.1)
==3646411==    by 0x4896626: ??? (in /usr/lib/x86_64-linux-gnu/libreadline.so.8.1)
==3646411==    by 0x4896E0D: rl_expand_prompt (in /usr/lib/x86_64-linux-gnu/libreadline.so.8.1)
==3646411==    by 0x48861BF: rl_set_prompt (in /usr/lib/x86_64-linux-gnu/libreadline.so.8.1)
==3646411==    by 0x4891CCF: readline (in /usr/lib/x86_64-linux-gnu/libreadline.so.8.1)
==3646411==    by 0x40502B: read_a_line (input.c:46)
==3646411==    by 0x404FA4: read_input (input.c:62)
==3646411==    by 0x404574: s_process_loop (input_utils.c:52)
==3646411==    by 0x405F42: main (main.c:33)
==3646411== 
==3646411== 9 bytes in 1 blocks are still reachable in loss record 10 of 98
==3646411==    at 0x4848899: malloc (in /usr/libexec/valgrind/vgpreload_memcheck-amd64-linux.so)
==3646411==    by 0x490903F: __add_to_environ (setenv.c:217)
==3646411==    by 0x48543FF: setenv (in /usr/libexec/valgrind/vgpreload_memcheck-amd64-linux.so)
==3646411==    by 0x48A9005: sh_set_lines_and_columns (in /usr/lib/x86_64-linux-gnu/libreadline.so.8.1)
==3646411==    by 0x48A3AF7: _rl_get_screen_size (in /usr/lib/x86_64-linux-gnu/libreadline.so.8.1)
==3646411==    by 0x4896AB8: ??? (in /usr/lib/x86_64-linux-gnu/libreadline.so.8.1)
==3646411==    by 0x4896E0D: rl_expand_prompt (in /usr/lib/x86_64-linux-gnu/libreadline.so.8.1)
==3646411==    by 0x48861BF: rl_set_prompt (in /usr/lib/x86_64-linux-gnu/libreadline.so.8.1)
==3646411==    by 0x4891CCF: readline (in /usr/lib/x86_64-linux-gnu/libreadline.so.8.1)
==3646411==    by 0x40502B: read_a_line (input.c:46)
==3646411==    by 0x404FA4: read_input (input.c:62)
==3646411==    by 0x404574: s_process_loop (input_utils.c:52)
==3646411== 
==3646411== 11 bytes in 1 blocks are still reachable in loss record 11 of 98
==3646411==    at 0x4848899: malloc (in /usr/libexec/valgrind/vgpreload_memcheck-amd64-linux.so)
==3646411==    by 0x490903F: __add_to_environ (setenv.c:217)
==3646411==    by 0x48543FF: setenv (in /usr/libexec/valgrind/vgpreload_memcheck-amd64-linux.so)
==3646411==    by 0x48A3AF7: _rl_get_screen_size (in /usr/lib/x86_64-linux-gnu/libreadline.so.8.1)
==3646411==    by 0x4896AB8: ??? (in /usr/lib/x86_64-linux-gnu/libreadline.so.8.1)
==3646411==    by 0x4896E0D: rl_expand_prompt (in /usr/lib/x86_64-linux-gnu/libreadline.so.8.1)
==3646411==    by 0x48861BF: rl_set_prompt (in /usr/lib/x86_64-linux-gnu/libreadline.so.8.1)
==3646411==    by 0x4891CCF: readline (in /usr/lib/x86_64-linux-gnu/libreadline.so.8.1)
==3646411==    by 0x40502B: read_a_line (input.c:46)
==3646411==    by 0x404FA4: read_input (input.c:62)
==3646411==    by 0x404574: s_process_loop (input_utils.c:52)
==3646411==    by 0x405F42: main (main.c:33)
==3646411== 
==3646411== 13 bytes in 1 blocks are still reachable in loss record 12 of 98
==3646411==    at 0x4848899: malloc (in /usr/libexec/valgrind/vgpreload_memcheck-amd64-linux.so)
==3646411==    by 0x48A9BAC: xmalloc (in /usr/lib/x86_64-linux-gnu/libreadline.so.8.1)
==3646411==    by 0x4897BF5: ??? (in /usr/lib/x86_64-linux-gnu/libreadline.so.8.1)
==3646411==    by 0x4891A38: rl_initialize (in /usr/lib/x86_64-linux-gnu/libreadline.so.8.1)
==3646411==    by 0x4891CD4: readline (in /usr/lib/x86_64-linux-gnu/libreadline.so.8.1)
==3646411==    by 0x40502B: read_a_line (input.c:46)
==3646411==    by 0x404FA4: read_input (input.c:62)
==3646411==    by 0x404574: s_process_loop (input_utils.c:52)
==3646411==    by 0x405F42: main (main.c:33)
==3646411== 
==3646411== 14 bytes in 1 blocks are still reachable in loss record 13 of 98
==3646411==    at 0x484DCD3: realloc (in /usr/libexec/valgrind/vgpreload_memcheck-amd64-linux.so)
==3646411==    by 0x4AFD6CC: _nc_doalloc (in /usr/lib/x86_64-linux-gnu/libtinfo.so.6.3)
==3646411==    by 0x4B04272: _nc_tiparm (in /usr/lib/x86_64-linux-gnu/libtinfo.so.6.3)
==3646411==    by 0x4B0AC7D: ??? (in /usr/lib/x86_64-linux-gnu/libtinfo.so.6.3)
==3646411==    by 0x4B0AD09: _nc_trim_sgr0 (in /usr/lib/x86_64-linux-gnu/libtinfo.so.6.3)
==3646411==    by 0x4B096A8: tgetent_sp (in /usr/lib/x86_64-linux-gnu/libtinfo.so.6.3)
==3646411==    by 0x48A51CD: _rl_init_terminal_io (in /usr/lib/x86_64-linux-gnu/libreadline.so.8.1)
==3646411==    by 0x4891A0F: rl_initialize (in /usr/lib/x86_64-linux-gnu/libreadline.so.8.1)
==3646411==    by 0x4891CD4: readline (in /usr/lib/x86_64-linux-gnu/libreadline.so.8.1)
==3646411==    by 0x40502B: read_a_line (input.c:46)
==3646411==    by 0x404FA4: read_input (input.c:62)
==3646411==    by 0x404574: s_process_loop (input_utils.c:52)
==3646411== 
==3646411== 15 bytes in 1 blocks are still reachable in loss record 14 of 98
==3646411==    at 0x4848899: malloc (in /usr/libexec/valgrind/vgpreload_memcheck-amd64-linux.so)
==3646411==    by 0x496C58E: strdup (strdup.c:42)
==3646411==    by 0x4B088AE: _nc_setupterm (in /usr/lib/x86_64-linux-gnu/libtinfo.so.6.3)
==3646411==    by 0x4B094C9: tgetent_sp (in /usr/lib/x86_64-linux-gnu/libtinfo.so.6.3)
==3646411==    by 0x48A51CD: _rl_init_terminal_io (in /usr/lib/x86_64-linux-gnu/libreadline.so.8.1)
==3646411==    by 0x4891A0F: rl_initialize (in /usr/lib/x86_64-linux-gnu/libreadline.so.8.1)
==3646411==    by 0x4891CD4: readline (in /usr/lib/x86_64-linux-gnu/libreadline.so.8.1)
==3646411==    by 0x40502B: read_a_line (input.c:46)
==3646411==    by 0x404FA4: read_input (input.c:62)
==3646411==    by 0x404574: s_process_loop (input_utils.c:52)
==3646411==    by 0x405F42: main (main.c:33)
==3646411== 
==3646411== 16 bytes in 1 blocks are still reachable in loss record 15 of 98
==3646411==    at 0x4848899: malloc (in /usr/libexec/valgrind/vgpreload_memcheck-amd64-linux.so)
==3646411==    by 0x4891B26: rl_initialize (in /usr/lib/x86_64-linux-gnu/libreadline.so.8.1)
==3646411==    by 0x4891CD4: readline (in /usr/lib/x86_64-linux-gnu/libreadline.so.8.1)
==3646411==    by 0x40502B: read_a_line (input.c:46)
==3646411==    by 0x404FA4: read_input (input.c:62)
==3646411==    by 0x404574: s_process_loop (input_utils.c:52)
==3646411==    by 0x405F42: main (main.c:33)
==3646411== 
==3646411== 20 bytes in 1 blocks are still reachable in loss record 16 of 98
==3646411==    at 0x4848899: malloc (in /usr/libexec/valgrind/vgpreload_memcheck-amd64-linux.so)
==3646411==    by 0x496C58E: strdup (strdup.c:42)
==3646411==    by 0x4AFC377: ??? (in /usr/lib/x86_64-linux-gnu/libtinfo.so.6.3)
==3646411==    by 0x4AFEBF8: _nc_first_db (in /usr/lib/x86_64-linux-gnu/libtinfo.so.6.3)
==3646411==    by 0x4B08696: _nc_read_entry2 (in /usr/lib/x86_64-linux-gnu/libtinfo.so.6.3)
==3646411==    by 0x4B08711: ??? (in /usr/lib/x86_64-linux-gnu/libtinfo.so.6.3)
==3646411==    by 0x4B08866: _nc_setupterm (in /usr/lib/x86_64-linux-gnu/libtinfo.so.6.3)
==3646411==    by 0x4B094C9: tgetent_sp (in /usr/lib/x86_64-linux-gnu/libtinfo.so.6.3)
==3646411==    by 0x48A51CD: _rl_init_terminal_io (in /usr/lib/x86_64-linux-gnu/libreadline.so.8.1)
==3646411==    by 0x4891A0F: rl_initialize (in /usr/lib/x86_64-linux-gnu/libreadline.so.8.1)
==3646411==    by 0x4891CD4: readline (in /usr/lib/x86_64-linux-gnu/libreadline.so.8.1)
==3646411==    by 0x40502B: read_a_line (input.c:46)
==3646411== 
==3646411== 20 bytes in 1 blocks are still reachable in loss record 17 of 98
==3646411==    at 0x4848899: malloc (in /usr/libexec/valgrind/vgpreload_memcheck-amd64-linux.so)
==3646411==    by 0x48A9BAC: xmalloc (in /usr/lib/x86_64-linux-gnu/libreadline.so.8.1)
==3646411==    by 0x4894D8B: ??? (in /usr/lib/x86_64-linux-gnu/libreadline.so.8.1)
==3646411==    by 0x48976C9: rl_parse_and_bind (in /usr/lib/x86_64-linux-gnu/libreadline.so.8.1)
==3646411==    by 0x4897B6C: ??? (in /usr/lib/x86_64-linux-gnu/libreadline.so.8.1)
==3646411==    by 0x4891A38: rl_initialize (in /usr/lib/x86_64-linux-gnu/libreadline.so.8.1)
==3646411==    by 0x4891CD4: readline (in /usr/lib/x86_64-linux-gnu/libreadline.so.8.1)
==3646411==    by 0x40502B: read_a_line (input.c:46)
==3646411==    by 0x404FA4: read_input (input.c:62)
==3646411==    by 0x404574: s_process_loop (input_utils.c:52)
==3646411==    by 0x405F42: main (main.c:33)
==3646411== 
==3646411== 24 bytes in 1 blocks are still reachable in loss record 18 of 98
==3646411==    at 0x4848899: malloc (in /usr/libexec/valgrind/vgpreload_memcheck-amd64-linux.so)
==3646411==    by 0x49E3F34: tsearch (tsearch.c:337)
==3646411==    by 0x490906A: __add_to_environ (setenv.c:233)
==3646411==    by 0x48543FF: setenv (in /usr/libexec/valgrind/vgpreload_memcheck-amd64-linux.so)
==3646411==    by 0x48A9005: sh_set_lines_and_columns (in /usr/lib/x86_64-linux-gnu/libreadline.so.8.1)
==3646411==    by 0x48A3AF7: _rl_get_screen_size (in /usr/lib/x86_64-linux-gnu/libreadline.so.8.1)
==3646411==    by 0x4896AB8: ??? (in /usr/lib/x86_64-linux-gnu/libreadline.so.8.1)
==3646411==    by 0x4896E0D: rl_expand_prompt (in /usr/lib/x86_64-linux-gnu/libreadline.so.8.1)
==3646411==    by 0x48861BF: rl_set_prompt (in /usr/lib/x86_64-linux-gnu/libreadline.so.8.1)
==3646411==    by 0x4891CCF: readline (in /usr/lib/x86_64-linux-gnu/libreadline.so.8.1)
==3646411==    by 0x40502B: read_a_line (input.c:46)
==3646411==    by 0x404FA4: read_input (input.c:62)
==3646411== 
==3646411== 24 bytes in 1 blocks are still reachable in loss record 19 of 98
==3646411==    at 0x4848899: malloc (in /usr/libexec/valgrind/vgpreload_memcheck-amd64-linux.so)
==3646411==    by 0x49E3F9E: tsearch (tsearch.c:337)
==3646411==    by 0x490906A: __add_to_environ (setenv.c:233)
==3646411==    by 0x48543FF: setenv (in /usr/libexec/valgrind/vgpreload_memcheck-amd64-linux.so)
==3646411==    by 0x48A3AF7: _rl_get_screen_size (in /usr/lib/x86_64-linux-gnu/libreadline.so.8.1)
==3646411==    by 0x4896AB8: ??? (in /usr/lib/x86_64-linux-gnu/libreadline.so.8.1)
==3646411==    by 0x4896E0D: rl_expand_prompt (in /usr/lib/x86_64-linux-gnu/libreadline.so.8.1)
==3646411==    by 0x48861BF: rl_set_prompt (in /usr/lib/x86_64-linux-gnu/libreadline.so.8.1)
==3646411==    by 0x4891CCF: readline (in /usr/lib/x86_64-linux-gnu/libreadline.so.8.1)
==3646411==    by 0x40502B: read_a_line (input.c:46)
==3646411==    by 0x404FA4: read_input (input.c:62)
==3646411==    by 0x404574: s_process_loop (input_utils.c:52)
==3646411== 
==3646411== 24 bytes in 1 blocks are still reachable in loss record 20 of 98
==3646411==    at 0x4848899: malloc (in /usr/libexec/valgrind/vgpreload_memcheck-amd64-linux.so)
==3646411==    by 0x49E3F34: tsearch (tsearch.c:337)
==3646411==    by 0x4B00D6E: ??? (in /usr/lib/x86_64-linux-gnu/libtinfo.so.6.3)
==3646411==    by 0x4B04098: _nc_tiparm (in /usr/lib/x86_64-linux-gnu/libtinfo.so.6.3)
==3646411==    by 0x4B0AC7D: ??? (in /usr/lib/x86_64-linux-gnu/libtinfo.so.6.3)
==3646411==    by 0x4B0AD09: _nc_trim_sgr0 (in /usr/lib/x86_64-linux-gnu/libtinfo.so.6.3)
==3646411==    by 0x4B096A8: tgetent_sp (in /usr/lib/x86_64-linux-gnu/libtinfo.so.6.3)
==3646411==    by 0x48A51CD: _rl_init_terminal_io (in /usr/lib/x86_64-linux-gnu/libreadline.so.8.1)
==3646411==    by 0x4891A0F: rl_initialize (in /usr/lib/x86_64-linux-gnu/libreadline.so.8.1)
==3646411==    by 0x4891CD4: readline (in /usr/lib/x86_64-linux-gnu/libreadline.so.8.1)
==3646411==    by 0x40502B: read_a_line (input.c:46)
==3646411==    by 0x404FA4: read_input (input.c:62)
==3646411== 
==3646411== 24 bytes in 1 blocks are still reachable in loss record 21 of 98
==3646411==    at 0x4848899: malloc (in /usr/libexec/valgrind/vgpreload_memcheck-amd64-linux.so)
==3646411==    by 0x401A76: add_arg (parser_utils.c:51)
==3646411==    by 0x401C95: handle_cmd_or_arg (parser_utils.c:105)
==3646411==    by 0x401E74: handle_word_token (parser_logic.c:54)
==3646411==    by 0x40167A: process_token (parse_tokens.c:90)
==3646411==    by 0x401739: parse_tokens (parse_tokens.c:115)
==3646411==    by 0x4045BF: s_process_loop (input_utils.c:61)
==3646411==    by 0x405F42: main (main.c:33)
==3646411== 
==3646411== 26 bytes in 1 blocks are still reachable in loss record 22 of 98
==3646411==    at 0x4848899: malloc (in /usr/libexec/valgrind/vgpreload_memcheck-amd64-linux.so)
==3646411==    by 0x48A9BAC: xmalloc (in /usr/lib/x86_64-linux-gnu/libreadline.so.8.1)
==3646411==    by 0x48861E3: rl_set_prompt (in /usr/lib/x86_64-linux-gnu/libreadline.so.8.1)
==3646411==    by 0x4891CCF: readline (in /usr/lib/x86_64-linux-gnu/libreadline.so.8.1)
==3646411==    by 0x40502B: read_a_line (input.c:46)
==3646411==    by 0x404FA4: read_input (input.c:62)
==3646411==    by 0x404574: s_process_loop (input_utils.c:52)
==3646411==    by 0x405F42: main (main.c:33)
==3646411== 
==3646411== 26 bytes in 1 blocks are still reachable in loss record 23 of 98
==3646411==    at 0x4848899: malloc (in /usr/libexec/valgrind/vgpreload_memcheck-amd64-linux.so)
==3646411==    by 0x48A9BAC: xmalloc (in /usr/lib/x86_64-linux-gnu/libreadline.so.8.1)
==3646411==    by 0x48965F2: ??? (in /usr/lib/x86_64-linux-gnu/libreadline.so.8.1)
==3646411==    by 0x4896E0D: rl_expand_prompt (in /usr/lib/x86_64-linux-gnu/libreadline.so.8.1)
==3646411==    by 0x48861BF: rl_set_prompt (in /usr/lib/x86_64-linux-gnu/libreadline.so.8.1)
==3646411==    by 0x4891CCF: readline (in /usr/lib/x86_64-linux-gnu/libreadline.so.8.1)
==3646411==    by 0x40502B: read_a_line (input.c:46)
==3646411==    by 0x404FA4: read_input (input.c:62)
==3646411==    by 0x404574: s_process_loop (input_utils.c:52)
==3646411==    by 0x405F42: main (main.c:33)
==3646411== 
==3646411== 27 bytes in 1 blocks are still reachable in loss record 24 of 98
==3646411==    at 0x4848899: malloc (in /usr/libexec/valgrind/vgpreload_memcheck-amd64-linux.so)
==3646411==    by 0x4901E4C: _nl_make_l10nflist (l10nflist.c:166)
==3646411==    by 0x4902211: _nl_make_l10nflist (l10nflist.c:285)
==3646411==    by 0x4902211: _nl_make_l10nflist (l10nflist.c:285)
==3646411==    by 0x48FB747: _nl_find_locale (findlocale.c:214)
==3646411==    by 0x48FAA90: setlocale (setlocale.c:414)
==3646411==    by 0x48FAA90: setlocale (setlocale.c:217)
==3646411==    by 0x48A3C45: _rl_init_locale (in /usr/lib/x86_64-linux-gnu/libreadline.so.8.1)
==3646411==    by 0x48A3D2C: _rl_init_eightbit (in /usr/lib/x86_64-linux-gnu/libreadline.so.8.1)
==3646411==    by 0x4891A31: rl_initialize (in /usr/lib/x86_64-linux-gnu/libreadline.so.8.1)
==3646411==    by 0x4891CD4: readline (in /usr/lib/x86_64-linux-gnu/libreadline.so.8.1)
==3646411==    by 0x40502B: read_a_line (input.c:46)
==3646411==    by 0x404FA4: read_input (input.c:62)
==3646411== 
==3646411== 32 bytes in 1 blocks are still reachable in loss record 25 of 98
==3646411==    at 0x4848899: malloc (in /usr/libexec/valgrind/vgpreload_memcheck-amd64-linux.so)
==3646411==    by 0x4AFE624: _nc_home_terminfo (in /usr/lib/x86_64-linux-gnu/libtinfo.so.6.3)
==3646411==    by 0x4AFEBE2: _nc_first_db (in /usr/lib/x86_64-linux-gnu/libtinfo.so.6.3)
==3646411==    by 0x4B08696: _nc_read_entry2 (in /usr/lib/x86_64-linux-gnu/libtinfo.so.6.3)
==3646411==    by 0x4B08711: ??? (in /usr/lib/x86_64-linux-gnu/libtinfo.so.6.3)
==3646411==    by 0x4B08866: _nc_setupterm (in /usr/lib/x86_64-linux-gnu/libtinfo.so.6.3)
==3646411==    by 0x4B094C9: tgetent_sp (in /usr/lib/x86_64-linux-gnu/libtinfo.so.6.3)
==3646411==    by 0x48A51CD: _rl_init_terminal_io (in /usr/lib/x86_64-linux-gnu/libreadline.so.8.1)
==3646411==    by 0x4891A0F: rl_initialize (in /usr/lib/x86_64-linux-gnu/libreadline.so.8.1)
==3646411==    by 0x4891CD4: readline (in /usr/lib/x86_64-linux-gnu/libreadline.so.8.1)
==3646411==    by 0x40502B: read_a_line (input.c:46)
==3646411==    by 0x404FA4: read_input (input.c:62)
==3646411== 
==3646411== 32 bytes in 1 blocks are still reachable in loss record 26 of 98
==3646411==    at 0x484DA83: calloc (in /usr/libexec/valgrind/vgpreload_memcheck-amd64-linux.so)
==3646411==    by 0x4996C1F: __wcsmbs_load_conv (wcsmbsload.c:167)
==3646411==    by 0x498A16E: get_gconv_fcts (wcsmbsload.h:73)
==3646411==    by 0x498A16E: mbrtowc (mbrtowc.c:69)
==3646411==    by 0x48992D7: ??? (in /usr/lib/x86_64-linux-gnu/libreadline.so.8.1)
==3646411==    by 0x489BCE1: rl_redisplay (in /usr/lib/x86_64-linux-gnu/libreadline.so.8.1)
==3646411==    by 0x4887458: readline_internal_setup (in /usr/lib/x86_64-linux-gnu/libreadline.so.8.1)
==3646411==    by 0x4891CF8: readline (in /usr/lib/x86_64-linux-gnu/libreadline.so.8.1)
==3646411==    by 0x40502B: read_a_line (input.c:46)
==3646411==    by 0x404FA4: read_input (input.c:62)
==3646411==    by 0x404574: s_process_loop (input_utils.c:52)
==3646411==    by 0x405F42: main (main.c:33)
==3646411== 
==3646411== 32 bytes in 1 blocks are still reachable in loss record 27 of 98
==3646411==    at 0x4848899: malloc (in /usr/libexec/valgrind/vgpreload_memcheck-amd64-linux.so)
==3646411==    by 0x40565B: create_token_with_fd (operator_utils.c:19)
==3646411==    by 0x404856: get_word_or_quote_token (tokenizer.c:43)
==3646411==    by 0x404731: ft_get_next_token (tokenizer.c:64)
==3646411==    by 0x404F1A: extract_tokens (token_extraction.c:55)
==3646411==    by 0x404ECC: get_tokens (token_extraction.c:75)
==3646411==    by 0x404595: s_process_loop (input_utils.c:55)
==3646411==    by 0x405F42: main (main.c:33)
==3646411== 
==3646411== 32 bytes in 1 blocks are still reachable in loss record 28 of 98
==3646411==    at 0x4848899: malloc (in /usr/libexec/valgrind/vgpreload_memcheck-amd64-linux.so)
==3646411==    by 0x40565B: create_token_with_fd (operator_utils.c:19)
==3646411==    by 0x404856: get_word_or_quote_token (tokenizer.c:43)
==3646411==    by 0x404731: ft_get_next_token (tokenizer.c:64)
==3646411==    by 0x404F70: extract_tokens (token_extraction.c:63)
==3646411==    by 0x404ECC: get_tokens (token_extraction.c:75)
==3646411==    by 0x404595: s_process_loop (input_utils.c:55)
==3646411==    by 0x405F42: main (main.c:33)
==3646411== 
==3646411== 38 bytes in 1 blocks are still reachable in loss record 29 of 98
==3646411==    at 0x4848899: malloc (in /usr/libexec/valgrind/vgpreload_memcheck-amd64-linux.so)
==3646411==    by 0x4901E4C: _nl_make_l10nflist (l10nflist.c:166)
==3646411==    by 0x48FB747: _nl_find_locale (findlocale.c:214)
==3646411==    by 0x48FAA90: setlocale (setlocale.c:414)
==3646411==    by 0x48FAA90: setlocale (setlocale.c:217)
==3646411==    by 0x48A3C45: _rl_init_locale (in /usr/lib/x86_64-linux-gnu/libreadline.so.8.1)
==3646411==    by 0x48A3D2C: _rl_init_eightbit (in /usr/lib/x86_64-linux-gnu/libreadline.so.8.1)
==3646411==    by 0x4891A31: rl_initialize (in /usr/lib/x86_64-linux-gnu/libreadline.so.8.1)
==3646411==    by 0x4891CD4: readline (in /usr/lib/x86_64-linux-gnu/libreadline.so.8.1)
==3646411==    by 0x40502B: read_a_line (input.c:46)
==3646411==    by 0x404FA4: read_input (input.c:62)
==3646411==    by 0x404574: s_process_loop (input_utils.c:52)
==3646411==    by 0x405F42: main (main.c:33)
==3646411== 
==3646411== 46 bytes in 1 blocks are still reachable in loss record 30 of 98
==3646411==    at 0x484DCD3: realloc (in /usr/libexec/valgrind/vgpreload_memcheck-amd64-linux.so)
==3646411==    by 0x4AFD6CC: _nc_doalloc (in /usr/lib/x86_64-linux-gnu/libtinfo.so.6.3)
==3646411==    by 0x4B0816F: _nc_read_termtype (in /usr/lib/x86_64-linux-gnu/libtinfo.so.6.3)
==3646411==    by 0x4B0852A: ??? (in /usr/lib/x86_64-linux-gnu/libtinfo.so.6.3)
==3646411==    by 0x4B0AC40: ??? (in /usr/lib/x86_64-linux-gnu/libtinfo.so.6.3)
==3646411==    by 0x4B086BB: _nc_read_entry2 (in /usr/lib/x86_64-linux-gnu/libtinfo.so.6.3)
==3646411==    by 0x4B08711: ??? (in /usr/lib/x86_64-linux-gnu/libtinfo.so.6.3)
==3646411==    by 0x4B08866: _nc_setupterm (in /usr/lib/x86_64-linux-gnu/libtinfo.so.6.3)
==3646411==    by 0x4B094C9: tgetent_sp (in /usr/lib/x86_64-linux-gnu/libtinfo.so.6.3)
==3646411==    by 0x48A51CD: _rl_init_terminal_io (in /usr/lib/x86_64-linux-gnu/libreadline.so.8.1)
==3646411==    by 0x4891A0F: rl_initialize (in /usr/lib/x86_64-linux-gnu/libreadline.so.8.1)
==3646411==    by 0x4891CD4: readline (in /usr/lib/x86_64-linux-gnu/libreadline.so.8.1)
==3646411== 
==3646411== 46 bytes in 1 blocks are still reachable in loss record 31 of 98
==3646411==    at 0x4848899: malloc (in /usr/libexec/valgrind/vgpreload_memcheck-amd64-linux.so)
==3646411==    by 0x4AFCFDE: ??? (in /usr/lib/x86_64-linux-gnu/libtinfo.so.6.3)
==3646411==    by 0x4B0887D: _nc_setupterm (in /usr/lib/x86_64-linux-gnu/libtinfo.so.6.3)
==3646411==    by 0x4B094C9: tgetent_sp (in /usr/lib/x86_64-linux-gnu/libtinfo.so.6.3)
==3646411==    by 0x48A51CD: _rl_init_terminal_io (in /usr/lib/x86_64-linux-gnu/libreadline.so.8.1)
==3646411==    by 0x4891A0F: rl_initialize (in /usr/lib/x86_64-linux-gnu/libreadline.so.8.1)
==3646411==    by 0x4891CD4: readline (in /usr/lib/x86_64-linux-gnu/libreadline.so.8.1)
==3646411==    by 0x40502B: read_a_line (input.c:46)
==3646411==    by 0x404FA4: read_input (input.c:62)
==3646411==    by 0x404574: s_process_loop (input_utils.c:52)
==3646411==    by 0x405F42: main (main.c:33)
==3646411== 
==3646411== 48 bytes in 1 blocks are still reachable in loss record 32 of 98
==3646411==    at 0x484DA83: calloc (in /usr/libexec/valgrind/vgpreload_memcheck-amd64-linux.so)
==3646411==    by 0x4AFE833: _nc_first_db (in /usr/lib/x86_64-linux-gnu/libtinfo.so.6.3)
==3646411==    by 0x4B08696: _nc_read_entry2 (in /usr/lib/x86_64-linux-gnu/libtinfo.so.6.3)
==3646411==    by 0x4B08711: ??? (in /usr/lib/x86_64-linux-gnu/libtinfo.so.6.3)
==3646411==    by 0x4B08866: _nc_setupterm (in /usr/lib/x86_64-linux-gnu/libtinfo.so.6.3)
==3646411==    by 0x4B094C9: tgetent_sp (in /usr/lib/x86_64-linux-gnu/libtinfo.so.6.3)
==3646411==    by 0x48A51CD: _rl_init_terminal_io (in /usr/lib/x86_64-linux-gnu/libreadline.so.8.1)
==3646411==    by 0x4891A0F: rl_initialize (in /usr/lib/x86_64-linux-gnu/libreadline.so.8.1)
==3646411==    by 0x4891CD4: readline (in /usr/lib/x86_64-linux-gnu/libreadline.so.8.1)
==3646411==    by 0x40502B: read_a_line (input.c:46)
==3646411==    by 0x404FA4: read_input (input.c:62)
==3646411==    by 0x404574: s_process_loop (input_utils.c:52)
==3646411== 
==3646411== 56 bytes in 1 blocks are still reachable in loss record 33 of 98
==3646411==    at 0x4848899: malloc (in /usr/libexec/valgrind/vgpreload_memcheck-amd64-linux.so)
==3646411==    by 0x4901FDC: _nl_make_l10nflist (l10nflist.c:242)
==3646411==    by 0x4902211: _nl_make_l10nflist (l10nflist.c:285)
==3646411==    by 0x4902211: _nl_make_l10nflist (l10nflist.c:285)
==3646411==    by 0x48FB747: _nl_find_locale (findlocale.c:214)
==3646411==    by 0x48FAA90: setlocale (setlocale.c:414)
==3646411==    by 0x48FAA90: setlocale (setlocale.c:217)
==3646411==    by 0x48A3C45: _rl_init_locale (in /usr/lib/x86_64-linux-gnu/libreadline.so.8.1)
==3646411==    by 0x48A3D2C: _rl_init_eightbit (in /usr/lib/x86_64-linux-gnu/libreadline.so.8.1)
==3646411==    by 0x4891A31: rl_initialize (in /usr/lib/x86_64-linux-gnu/libreadline.so.8.1)
==3646411==    by 0x4891CD4: readline (in /usr/lib/x86_64-linux-gnu/libreadline.so.8.1)
==3646411==    by 0x40502B: read_a_line (input.c:46)
==3646411==    by 0x404FA4: read_input (input.c:62)
==3646411== 
==3646411== 56 bytes in 1 blocks are still reachable in loss record 34 of 98
==3646411==    at 0x4848899: malloc (in /usr/libexec/valgrind/vgpreload_memcheck-amd64-linux.so)
==3646411==    by 0x401991: init_command (parser_utils.c:23)
==3646411==    by 0x4016F1: parse_tokens (parse_tokens.c:108)
==3646411==    by 0x4045BF: s_process_loop (input_utils.c:61)
==3646411==    by 0x405F42: main (main.c:33)
==3646411== 
==3646411== 65 bytes in 2 blocks are still reachable in loss record 35 of 98
==3646411==    at 0x4848899: malloc (in /usr/libexec/valgrind/vgpreload_memcheck-amd64-linux.so)
==3646411==    by 0x4901E4C: _nl_make_l10nflist (l10nflist.c:166)
==3646411==    by 0x4902211: _nl_make_l10nflist (l10nflist.c:285)
==3646411==    by 0x48FB747: _nl_find_locale (findlocale.c:214)
==3646411==    by 0x48FAA90: setlocale (setlocale.c:414)
==3646411==    by 0x48FAA90: setlocale (setlocale.c:217)
==3646411==    by 0x48A3C45: _rl_init_locale (in /usr/lib/x86_64-linux-gnu/libreadline.so.8.1)
==3646411==    by 0x48A3D2C: _rl_init_eightbit (in /usr/lib/x86_64-linux-gnu/libreadline.so.8.1)
==3646411==    by 0x4891A31: rl_initialize (in /usr/lib/x86_64-linux-gnu/libreadline.so.8.1)
==3646411==    by 0x4891CD4: readline (in /usr/lib/x86_64-linux-gnu/libreadline.so.8.1)
==3646411==    by 0x40502B: read_a_line (input.c:46)
==3646411==    by 0x404FA4: read_input (input.c:62)
==3646411==    by 0x404574: s_process_loop (input_utils.c:52)
==3646411== 
==3646411== 68 bytes in 10 blocks are still reachable in loss record 36 of 98
==3646411==    at 0x4848899: malloc (in /usr/libexec/valgrind/vgpreload_memcheck-amd64-linux.so)
==3646411==    by 0x48A9BAC: xmalloc (in /usr/lib/x86_64-linux-gnu/libreadline.so.8.1)
==3646411==    by 0x48A0B39: alloc_history_entry (in /usr/lib/x86_64-linux-gnu/libreadline.so.8.1)
==3646411==    by 0x48A2F65: add_history (in /usr/lib/x86_64-linux-gnu/libreadline.so.8.1)
==3646411==    by 0x40505C: read_a_line (input.c:49)
==3646411==    by 0x404FA4: read_input (input.c:62)
==3646411==    by 0x404574: s_process_loop (input_utils.c:52)
==3646411==    by 0x405F42: main (main.c:33)
==3646411== 
==3646411== 78 bytes in 1 blocks are still reachable in loss record 37 of 98
==3646411==    at 0x4848899: malloc (in /usr/libexec/valgrind/vgpreload_memcheck-amd64-linux.so)
==3646411==    by 0x4AFD04B: ??? (in /usr/lib/x86_64-linux-gnu/libtinfo.so.6.3)
==3646411==    by 0x4B0887D: _nc_setupterm (in /usr/lib/x86_64-linux-gnu/libtinfo.so.6.3)
==3646411==    by 0x4B094C9: tgetent_sp (in /usr/lib/x86_64-linux-gnu/libtinfo.so.6.3)
==3646411==    by 0x48A51CD: _rl_init_terminal_io (in /usr/lib/x86_64-linux-gnu/libreadline.so.8.1)
==3646411==    by 0x4891A0F: rl_initialize (in /usr/lib/x86_64-linux-gnu/libreadline.so.8.1)
==3646411==    by 0x4891CD4: readline (in /usr/lib/x86_64-linux-gnu/libreadline.so.8.1)
==3646411==    by 0x40502B: read_a_line (input.c:46)
==3646411==    by 0x404FA4: read_input (input.c:62)
==3646411==    by 0x404574: s_process_loop (input_utils.c:52)
==3646411==    by 0x405F42: main (main.c:33)
==3646411== 
==3646411== 93 bytes in 1 blocks are still reachable in loss record 38 of 98
==3646411==    at 0x4848899: malloc (in /usr/libexec/valgrind/vgpreload_memcheck-amd64-linux.so)
==3646411==    by 0x496C58E: strdup (strdup.c:42)
==3646411==    by 0x4B00D54: ??? (in /usr/lib/x86_64-linux-gnu/libtinfo.so.6.3)
==3646411==    by 0x4B04098: _nc_tiparm (in /usr/lib/x86_64-linux-gnu/libtinfo.so.6.3)
==3646411==    by 0x4B0AC7D: ??? (in /usr/lib/x86_64-linux-gnu/libtinfo.so.6.3)
==3646411==    by 0x4B0AD09: _nc_trim_sgr0 (in /usr/lib/x86_64-linux-gnu/libtinfo.so.6.3)
==3646411==    by 0x4B096A8: tgetent_sp (in /usr/lib/x86_64-linux-gnu/libtinfo.so.6.3)
==3646411==    by 0x48A51CD: _rl_init_terminal_io (in /usr/lib/x86_64-linux-gnu/libreadline.so.8.1)
==3646411==    by 0x4891A0F: rl_initialize (in /usr/lib/x86_64-linux-gnu/libreadline.so.8.1)
==3646411==    by 0x4891CD4: readline (in /usr/lib/x86_64-linux-gnu/libreadline.so.8.1)
==3646411==    by 0x40502B: read_a_line (input.c:46)
==3646411==    by 0x404FA4: read_input (input.c:62)
==3646411== 
==3646411== 94 bytes in 1 blocks are still reachable in loss record 39 of 98
==3646411==    at 0x4848899: malloc (in /usr/libexec/valgrind/vgpreload_memcheck-amd64-linux.so)
==3646411==    by 0x4B0095B: _nc_tparm_analyze (in /usr/lib/x86_64-linux-gnu/libtinfo.so.6.3)
==3646411==    by 0x4B00C62: ??? (in /usr/lib/x86_64-linux-gnu/libtinfo.so.6.3)
==3646411==    by 0x4B04098: _nc_tiparm (in /usr/lib/x86_64-linux-gnu/libtinfo.so.6.3)
==3646411==    by 0x4B0AC7D: ??? (in /usr/lib/x86_64-linux-gnu/libtinfo.so.6.3)
==3646411==    by 0x4B0AD09: _nc_trim_sgr0 (in /usr/lib/x86_64-linux-gnu/libtinfo.so.6.3)
==3646411==    by 0x4B096A8: tgetent_sp (in /usr/lib/x86_64-linux-gnu/libtinfo.so.6.3)
==3646411==    by 0x48A51CD: _rl_init_terminal_io (in /usr/lib/x86_64-linux-gnu/libreadline.so.8.1)
==3646411==    by 0x4891A0F: rl_initialize (in /usr/lib/x86_64-linux-gnu/libreadline.so.8.1)
==3646411==    by 0x4891CD4: readline (in /usr/lib/x86_64-linux-gnu/libreadline.so.8.1)
==3646411==    by 0x40502B: read_a_line (input.c:46)
==3646411==    by 0x404FA4: read_input (input.c:62)
==3646411== 
==3646411== 101 bytes in 1 blocks are still reachable in loss record 40 of 98
==3646411==    at 0x4848899: malloc (in /usr/libexec/valgrind/vgpreload_memcheck-amd64-linux.so)
==3646411==    by 0x4AFE79A: _nc_first_db (in /usr/lib/x86_64-linux-gnu/libtinfo.so.6.3)
==3646411==    by 0x4B08696: _nc_read_entry2 (in /usr/lib/x86_64-linux-gnu/libtinfo.so.6.3)
==3646411==    by 0x4B08711: ??? (in /usr/lib/x86_64-linux-gnu/libtinfo.so.6.3)
==3646411==    by 0x4B08866: _nc_setupterm (in /usr/lib/x86_64-linux-gnu/libtinfo.so.6.3)
==3646411==    by 0x4B094C9: tgetent_sp (in /usr/lib/x86_64-linux-gnu/libtinfo.so.6.3)
==3646411==    by 0x48A51CD: _rl_init_terminal_io (in /usr/lib/x86_64-linux-gnu/libreadline.so.8.1)
==3646411==    by 0x4891A0F: rl_initialize (in /usr/lib/x86_64-linux-gnu/libreadline.so.8.1)
==3646411==    by 0x4891CD4: readline (in /usr/lib/x86_64-linux-gnu/libreadline.so.8.1)
==3646411==    by 0x40502B: read_a_line (input.c:46)
==3646411==    by 0x404FA4: read_input (input.c:62)
==3646411==    by 0x404574: s_process_loop (input_utils.c:52)
==3646411== 
==3646411== 104 bytes in 1 blocks are still reachable in loss record 41 of 98
==3646411==    at 0x4848899: malloc (in /usr/libexec/valgrind/vgpreload_memcheck-amd64-linux.so)
==3646411==    by 0x4901FDC: _nl_make_l10nflist (l10nflist.c:242)
==3646411==    by 0x48FB747: _nl_find_locale (findlocale.c:214)
==3646411==    by 0x48FAA90: setlocale (setlocale.c:414)
==3646411==    by 0x48FAA90: setlocale (setlocale.c:217)
==3646411==    by 0x48A3C45: _rl_init_locale (in /usr/lib/x86_64-linux-gnu/libreadline.so.8.1)
==3646411==    by 0x48A3D2C: _rl_init_eightbit (in /usr/lib/x86_64-linux-gnu/libreadline.so.8.1)
==3646411==    by 0x4891A31: rl_initialize (in /usr/lib/x86_64-linux-gnu/libreadline.so.8.1)
==3646411==    by 0x4891CD4: readline (in /usr/lib/x86_64-linux-gnu/libreadline.so.8.1)
==3646411==    by 0x40502B: read_a_line (input.c:46)
==3646411==    by 0x404FA4: read_input (input.c:62)
==3646411==    by 0x404574: s_process_loop (input_utils.c:52)
==3646411==    by 0x405F42: main (main.c:33)
==3646411== 
==3646411== 120 bytes in 10 blocks are still reachable in loss record 42 of 98
==3646411==    at 0x4848899: malloc (in /usr/libexec/valgrind/vgpreload_memcheck-amd64-linux.so)
==3646411==    by 0x48A9BAC: xmalloc (in /usr/lib/x86_64-linux-gnu/libreadline.so.8.1)
==3646411==    by 0x48A2F28: add_history (in /usr/lib/x86_64-linux-gnu/libreadline.so.8.1)
==3646411==    by 0x40505C: read_a_line (input.c:49)
==3646411==    by 0x404FA4: read_input (input.c:62)
==3646411==    by 0x404574: s_process_loop (input_utils.c:52)
==3646411==    by 0x405F42: main (main.c:33)
==3646411== 
==3646411== 144 bytes in 2 blocks are still reachable in loss record 43 of 98
==3646411==    at 0x4848899: malloc (in /usr/libexec/valgrind/vgpreload_memcheck-amd64-linux.so)
==3646411==    by 0x4901FDC: _nl_make_l10nflist (l10nflist.c:242)
==3646411==    by 0x4902211: _nl_make_l10nflist (l10nflist.c:285)
==3646411==    by 0x48FB747: _nl_find_locale (findlocale.c:214)
==3646411==    by 0x48FAA90: setlocale (setlocale.c:414)
==3646411==    by 0x48FAA90: setlocale (setlocale.c:217)
==3646411==    by 0x48A3C45: _rl_init_locale (in /usr/lib/x86_64-linux-gnu/libreadline.so.8.1)
==3646411==    by 0x48A3D2C: _rl_init_eightbit (in /usr/lib/x86_64-linux-gnu/libreadline.so.8.1)
==3646411==    by 0x4891A31: rl_initialize (in /usr/lib/x86_64-linux-gnu/libreadline.so.8.1)
==3646411==    by 0x4891CD4: readline (in /usr/lib/x86_64-linux-gnu/libreadline.so.8.1)
==3646411==    by 0x40502B: read_a_line (input.c:46)
==3646411==    by 0x404FA4: read_input (input.c:62)
==3646411==    by 0x404574: s_process_loop (input_utils.c:52)
==3646411== 
==3646411== 156 bytes in 1 blocks are still reachable in loss record 44 of 98
==3646411==    at 0x484DCD3: realloc (in /usr/libexec/valgrind/vgpreload_memcheck-amd64-linux.so)
==3646411==    by 0x4AFD6CC: _nc_doalloc (in /usr/lib/x86_64-linux-gnu/libtinfo.so.6.3)
==3646411==    by 0x4B08197: _nc_read_termtype (in /usr/lib/x86_64-linux-gnu/libtinfo.so.6.3)
==3646411==    by 0x4B0852A: ??? (in /usr/lib/x86_64-linux-gnu/libtinfo.so.6.3)
==3646411==    by 0x4B0AC40: ??? (in /usr/lib/x86_64-linux-gnu/libtinfo.so.6.3)
==3646411==    by 0x4B086BB: _nc_read_entry2 (in /usr/lib/x86_64-linux-gnu/libtinfo.so.6.3)
==3646411==    by 0x4B08711: ??? (in /usr/lib/x86_64-linux-gnu/libtinfo.so.6.3)
==3646411==    by 0x4B08866: _nc_setupterm (in /usr/lib/x86_64-linux-gnu/libtinfo.so.6.3)
==3646411==    by 0x4B094C9: tgetent_sp (in /usr/lib/x86_64-linux-gnu/libtinfo.so.6.3)
==3646411==    by 0x48A51CD: _rl_init_terminal_io (in /usr/lib/x86_64-linux-gnu/libreadline.so.8.1)
==3646411==    by 0x4891A0F: rl_initialize (in /usr/lib/x86_64-linux-gnu/libreadline.so.8.1)
==3646411==    by 0x4891CD4: readline (in /usr/lib/x86_64-linux-gnu/libreadline.so.8.1)
==3646411== 
==3646411== 167 bytes in 1 blocks are still reachable in loss record 45 of 98
==3646411==    at 0x4848899: malloc (in /usr/libexec/valgrind/vgpreload_memcheck-amd64-linux.so)
==3646411==    by 0x48FA607: new_composite_name (setlocale.c:170)
==3646411==    by 0x48FAAEA: setlocale (setlocale.c:437)
==3646411==    by 0x48FAAEA: setlocale (setlocale.c:217)
==3646411==    by 0x48A3C45: _rl_init_locale (in /usr/lib/x86_64-linux-gnu/libreadline.so.8.1)
==3646411==    by 0x48A3D2C: _rl_init_eightbit (in /usr/lib/x86_64-linux-gnu/libreadline.so.8.1)
==3646411==    by 0x4891A31: rl_initialize (in /usr/lib/x86_64-linux-gnu/libreadline.so.8.1)
==3646411==    by 0x4891CD4: readline (in /usr/lib/x86_64-linux-gnu/libreadline.so.8.1)
==3646411==    by 0x40502B: read_a_line (input.c:46)
==3646411==    by 0x404FA4: read_input (input.c:62)
==3646411==    by 0x404574: s_process_loop (input_utils.c:52)
==3646411==    by 0x405F42: main (main.c:33)
==3646411== 
==3646411== 168 bytes in 1 blocks are still reachable in loss record 46 of 98
==3646411==    at 0x484DA83: calloc (in /usr/libexec/valgrind/vgpreload_memcheck-amd64-linux.so)
==3646411==    by 0x4B00CCD: ??? (in /usr/lib/x86_64-linux-gnu/libtinfo.so.6.3)
==3646411==    by 0x4B04098: _nc_tiparm (in /usr/lib/x86_64-linux-gnu/libtinfo.so.6.3)
==3646411==    by 0x4B0AC7D: ??? (in /usr/lib/x86_64-linux-gnu/libtinfo.so.6.3)
==3646411==    by 0x4B0AD09: _nc_trim_sgr0 (in /usr/lib/x86_64-linux-gnu/libtinfo.so.6.3)
==3646411==    by 0x4B096A8: tgetent_sp (in /usr/lib/x86_64-linux-gnu/libtinfo.so.6.3)
==3646411==    by 0x48A51CD: _rl_init_terminal_io (in /usr/lib/x86_64-linux-gnu/libreadline.so.8.1)
==3646411==    by 0x4891A0F: rl_initialize (in /usr/lib/x86_64-linux-gnu/libreadline.so.8.1)
==3646411==    by 0x4891CD4: readline (in /usr/lib/x86_64-linux-gnu/libreadline.so.8.1)
==3646411==    by 0x40502B: read_a_line (input.c:46)
==3646411==    by 0x404FA4: read_input (input.c:62)
==3646411==    by 0x404574: s_process_loop (input_utils.c:52)
==3646411== 
==3646411== 208 bytes in 1 blocks are still reachable in loss record 47 of 98
==3646411==    at 0x4848899: malloc (in /usr/libexec/valgrind/vgpreload_memcheck-amd64-linux.so)
==3646411==    by 0x48F99D6: __gconv_lookup_cache (gconv_cache.c:365)
==3646411==    by 0x48EFB6E: __gconv_find_transform (gconv_db.c:732)
==3646411==    by 0x4996D4A: __wcsmbs_getfct (wcsmbsload.c:91)
==3646411==    by 0x4996D4A: __wcsmbs_load_conv (wcsmbsload.c:185)
==3646411==    by 0x498A16E: get_gconv_fcts (wcsmbsload.h:73)
==3646411==    by 0x498A16E: mbrtowc (mbrtowc.c:69)
==3646411==    by 0x48992D7: ??? (in /usr/lib/x86_64-linux-gnu/libreadline.so.8.1)
==3646411==    by 0x489BCE1: rl_redisplay (in /usr/lib/x86_64-linux-gnu/libreadline.so.8.1)
==3646411==    by 0x4887458: readline_internal_setup (in /usr/lib/x86_64-linux-gnu/libreadline.so.8.1)
==3646411==    by 0x4891CF8: readline (in /usr/lib/x86_64-linux-gnu/libreadline.so.8.1)
==3646411==    by 0x40502B: read_a_line (input.c:46)
==3646411==    by 0x404FA4: read_input (input.c:62)
==3646411==    by 0x404574: s_process_loop (input_utils.c:52)
==3646411== 
==3646411== 208 bytes in 1 blocks are still reachable in loss record 48 of 98
==3646411==    at 0x4848899: malloc (in /usr/libexec/valgrind/vgpreload_memcheck-amd64-linux.so)
==3646411==    by 0x48F9AC0: __gconv_lookup_cache (gconv_cache.c:365)
==3646411==    by 0x48EFB6E: __gconv_find_transform (gconv_db.c:732)
==3646411==    by 0x4996D8B: __wcsmbs_getfct (wcsmbsload.c:91)
==3646411==    by 0x4996D8B: __wcsmbs_load_conv (wcsmbsload.c:188)
==3646411==    by 0x498A16E: get_gconv_fcts (wcsmbsload.h:73)
==3646411==    by 0x498A16E: mbrtowc (mbrtowc.c:69)
==3646411==    by 0x48992D7: ??? (in /usr/lib/x86_64-linux-gnu/libreadline.so.8.1)
==3646411==    by 0x489BCE1: rl_redisplay (in /usr/lib/x86_64-linux-gnu/libreadline.so.8.1)
==3646411==    by 0x4887458: readline_internal_setup (in /usr/lib/x86_64-linux-gnu/libreadline.so.8.1)
==3646411==    by 0x4891CF8: readline (in /usr/lib/x86_64-linux-gnu/libreadline.so.8.1)
==3646411==    by 0x40502B: read_a_line (input.c:46)
==3646411==    by 0x404FA4: read_input (input.c:62)
==3646411==    by 0x404574: s_process_loop (input_utils.c:52)
==3646411== 
==3646411== 240 bytes in 10 blocks are still reachable in loss record 49 of 98
==3646411==    at 0x4848899: malloc (in /usr/libexec/valgrind/vgpreload_memcheck-amd64-linux.so)
==3646411==    by 0x48A9BAC: xmalloc (in /usr/lib/x86_64-linux-gnu/libreadline.so.8.1)
==3646411==    by 0x48A0B1D: alloc_history_entry (in /usr/lib/x86_64-linux-gnu/libreadline.so.8.1)
==3646411==    by 0x48A2F65: add_history (in /usr/lib/x86_64-linux-gnu/libreadline.so.8.1)
==3646411==    by 0x40505C: read_a_line (input.c:49)
==3646411==    by 0x404FA4: read_input (input.c:62)
==3646411==    by 0x404574: s_process_loop (input_utils.c:52)
==3646411==    by 0x405F42: main (main.c:33)
==3646411== 
==3646411== 256 bytes in 1 blocks are still reachable in loss record 50 of 98
==3646411==    at 0x4848899: malloc (in /usr/libexec/valgrind/vgpreload_memcheck-amd64-linux.so)
==3646411==    by 0x48A9BAC: xmalloc (in /usr/lib/x86_64-linux-gnu/libreadline.so.8.1)
==3646411==    by 0x4891C86: rl_initialize (in /usr/lib/x86_64-linux-gnu/libreadline.so.8.1)
==3646411==    by 0x4891CD4: readline (in /usr/lib/x86_64-linux-gnu/libreadline.so.8.1)
==3646411==    by 0x40502B: read_a_line (input.c:46)
==3646411==    by 0x404FA4: read_input (input.c:62)
==3646411==    by 0x404574: s_process_loop (input_utils.c:52)
==3646411==    by 0x405F42: main (main.c:33)
==3646411== 
==3646411== 576 bytes in 1 blocks are still reachable in loss record 51 of 98
==3646411==    at 0x484DCD3: realloc (in /usr/libexec/valgrind/vgpreload_memcheck-amd64-linux.so)
==3646411==    by 0x407B3A: ft_realloc (memory_utils.c:40)
==3646411==    by 0x402DDB: add_new_env_entry (export_utils.c:65)
==3646411==    by 0x4038D7: add_or_update_env (export.c:93)
==3646411==    by 0x401E33: handle_word_token (parser_logic.c:49)
==3646411==    by 0x40167A: process_token (parse_tokens.c:90)
==3646411==    by 0x401739: parse_tokens (parse_tokens.c:115)
==3646411==    by 0x4045BF: s_process_loop (input_utils.c:61)
==3646411==    by 0x405F42: main (main.c:33)
==3646411== 
==3646411== 584 bytes in 1 blocks are still reachable in loss record 52 of 98
==3646411==    at 0x484DCD3: realloc (in /usr/libexec/valgrind/vgpreload_memcheck-amd64-linux.so)
==3646411==    by 0x4908E7B: __add_to_environ (setenv.c:156)
==3646411==    by 0x48543FF: setenv (in /usr/libexec/valgrind/vgpreload_memcheck-amd64-linux.so)
==3646411==    by 0x48A3AF7: _rl_get_screen_size (in /usr/lib/x86_64-linux-gnu/libreadline.so.8.1)
==3646411==    by 0x4896AB8: ??? (in /usr/lib/x86_64-linux-gnu/libreadline.so.8.1)
==3646411==    by 0x4896E0D: rl_expand_prompt (in /usr/lib/x86_64-linux-gnu/libreadline.so.8.1)
==3646411==    by 0x48861BF: rl_set_prompt (in /usr/lib/x86_64-linux-gnu/libreadline.so.8.1)
==3646411==    by 0x4891CCF: readline (in /usr/lib/x86_64-linux-gnu/libreadline.so.8.1)
==3646411==    by 0x40502B: read_a_line (input.c:46)
==3646411==    by 0x404FA4: read_input (input.c:62)
==3646411==    by 0x404574: s_process_loop (input_utils.c:52)
==3646411==    by 0x405F42: main (main.c:33)
==3646411== 
==3646411== 608 bytes in 1 blocks are still reachable in loss record 53 of 98
==3646411==    at 0x484DA83: calloc (in /usr/libexec/valgrind/vgpreload_memcheck-amd64-linux.so)
==3646411==    by 0x4B0837E: _nc_read_termtype (in /usr/lib/x86_64-linux-gnu/libtinfo.so.6.3)
==3646411==    by 0x4B0852A: ??? (in /usr/lib/x86_64-linux-gnu/libtinfo.so.6.3)
==3646411==    by 0x4B0AC40: ??? (in /usr/lib/x86_64-linux-gnu/libtinfo.so.6.3)
==3646411==    by 0x4B086BB: _nc_read_entry2 (in /usr/lib/x86_64-linux-gnu/libtinfo.so.6.3)
==3646411==    by 0x4B08711: ??? (in /usr/lib/x86_64-linux-gnu/libtinfo.so.6.3)
==3646411==    by 0x4B08866: _nc_setupterm (in /usr/lib/x86_64-linux-gnu/libtinfo.so.6.3)
==3646411==    by 0x4B094C9: tgetent_sp (in /usr/lib/x86_64-linux-gnu/libtinfo.so.6.3)
==3646411==    by 0x48A51CD: _rl_init_terminal_io (in /usr/lib/x86_64-linux-gnu/libreadline.so.8.1)
==3646411==    by 0x4891A0F: rl_initialize (in /usr/lib/x86_64-linux-gnu/libreadline.so.8.1)
==3646411==    by 0x4891CD4: readline (in /usr/lib/x86_64-linux-gnu/libreadline.so.8.1)
==3646411==    by 0x40502B: read_a_line (input.c:46)
==3646411== 
==3646411== 608 bytes in 1 blocks are still reachable in loss record 54 of 98
==3646411==    at 0x4848899: malloc (in /usr/libexec/valgrind/vgpreload_memcheck-amd64-linux.so)
==3646411==    by 0x4AFD119: ??? (in /usr/lib/x86_64-linux-gnu/libtinfo.so.6.3)
==3646411==    by 0x4B0887D: _nc_setupterm (in /usr/lib/x86_64-linux-gnu/libtinfo.so.6.3)
==3646411==    by 0x4B094C9: tgetent_sp (in /usr/lib/x86_64-linux-gnu/libtinfo.so.6.3)
==3646411==    by 0x48A51CD: _rl_init_terminal_io (in /usr/lib/x86_64-linux-gnu/libreadline.so.8.1)
==3646411==    by 0x4891A0F: rl_initialize (in /usr/lib/x86_64-linux-gnu/libreadline.so.8.1)
==3646411==    by 0x4891CD4: readline (in /usr/lib/x86_64-linux-gnu/libreadline.so.8.1)
==3646411==    by 0x40502B: read_a_line (input.c:46)
==3646411==    by 0x404FA4: read_input (input.c:62)
==3646411==    by 0x404574: s_process_loop (input_utils.c:52)
==3646411==    by 0x405F42: main (main.c:33)
==3646411== 
==3646411== 760 bytes in 1 blocks are still reachable in loss record 55 of 98
==3646411==    at 0x484DA83: calloc (in /usr/libexec/valgrind/vgpreload_memcheck-amd64-linux.so)
==3646411==    by 0x4B08819: _nc_setupterm (in /usr/lib/x86_64-linux-gnu/libtinfo.so.6.3)
==3646411==    by 0x4B094C9: tgetent_sp (in /usr/lib/x86_64-linux-gnu/libtinfo.so.6.3)
==3646411==    by 0x48A51CD: _rl_init_terminal_io (in /usr/lib/x86_64-linux-gnu/libreadline.so.8.1)
==3646411==    by 0x4891A0F: rl_initialize (in /usr/lib/x86_64-linux-gnu/libreadline.so.8.1)
==3646411==    by 0x4891CD4: readline (in /usr/lib/x86_64-linux-gnu/libreadline.so.8.1)
==3646411==    by 0x40502B: read_a_line (input.c:46)
==3646411==    by 0x404FA4: read_input (input.c:62)
==3646411==    by 0x404574: s_process_loop (input_utils.c:52)
==3646411==    by 0x405F42: main (main.c:33)
==3646411== 
==3646411== 776 bytes in 1 blocks are still reachable in loss record 56 of 98
==3646411==    at 0x4848899: malloc (in /usr/libexec/valgrind/vgpreload_memcheck-amd64-linux.so)
==3646411==    by 0x48FB96E: _nl_intern_locale_data (loadlocale.c:97)
==3646411==    by 0x48FBC28: _nl_load_locale (loadlocale.c:266)
==3646411==    by 0x48FB7D0: _nl_find_locale (findlocale.c:237)
==3646411==    by 0x48FAA90: setlocale (setlocale.c:414)
==3646411==    by 0x48FAA90: setlocale (setlocale.c:217)
==3646411==    by 0x48A3C45: _rl_init_locale (in /usr/lib/x86_64-linux-gnu/libreadline.so.8.1)
==3646411==    by 0x48A3D2C: _rl_init_eightbit (in /usr/lib/x86_64-linux-gnu/libreadline.so.8.1)
==3646411==    by 0x4891A31: rl_initialize (in /usr/lib/x86_64-linux-gnu/libreadline.so.8.1)
==3646411==    by 0x4891CD4: readline (in /usr/lib/x86_64-linux-gnu/libreadline.so.8.1)
==3646411==    by 0x40502B: read_a_line (input.c:46)
==3646411==    by 0x404FA4: read_input (input.c:62)
==3646411==    by 0x404574: s_process_loop (input_utils.c:52)
==3646411== 
==3646411== 940 bytes in 1 blocks are still reachable in loss record 57 of 98
==3646411==    at 0x4848899: malloc (in /usr/libexec/valgrind/vgpreload_memcheck-amd64-linux.so)
==3646411==    by 0x4B08287: _nc_read_termtype (in /usr/lib/x86_64-linux-gnu/libtinfo.so.6.3)
==3646411==    by 0x4B0852A: ??? (in /usr/lib/x86_64-linux-gnu/libtinfo.so.6.3)
==3646411==    by 0x4B0AC40: ??? (in /usr/lib/x86_64-linux-gnu/libtinfo.so.6.3)
==3646411==    by 0x4B086BB: _nc_read_entry2 (in /usr/lib/x86_64-linux-gnu/libtinfo.so.6.3)
==3646411==    by 0x4B08711: ??? (in /usr/lib/x86_64-linux-gnu/libtinfo.so.6.3)
==3646411==    by 0x4B08866: _nc_setupterm (in /usr/lib/x86_64-linux-gnu/libtinfo.so.6.3)
==3646411==    by 0x4B094C9: tgetent_sp (in /usr/lib/x86_64-linux-gnu/libtinfo.so.6.3)
==3646411==    by 0x48A51CD: _rl_init_terminal_io (in /usr/lib/x86_64-linux-gnu/libreadline.so.8.1)
==3646411==    by 0x4891A0F: rl_initialize (in /usr/lib/x86_64-linux-gnu/libreadline.so.8.1)
==3646411==    by 0x4891CD4: readline (in /usr/lib/x86_64-linux-gnu/libreadline.so.8.1)
==3646411==    by 0x40502B: read_a_line (input.c:46)
==3646411== 
==3646411== 1,024 bytes in 1 blocks are still reachable in loss record 58 of 98
==3646411==    at 0x4848899: malloc (in /usr/libexec/valgrind/vgpreload_memcheck-amd64-linux.so)
==3646411==    by 0x4942BA3: _IO_file_doallocate (filedoalloc.c:101)
==3646411==    by 0x4951CDF: _IO_doallocbuf (genops.c:347)
==3646411==    by 0x4950F5F: _IO_file_overflow@@GLIBC_2.2.5 (fileops.c:744)
==3646411==    by 0x494F6D4: _IO_new_file_xsputn (fileops.c:1243)
==3646411==    by 0x494F6D4: _IO_file_xsputn@@GLIBC_2.2.5 (fileops.c:1196)
==3646411==    by 0x493914C: outstring_func (vfprintf-internal.c:239)
==3646411==    by 0x493914C: __vfprintf_internal (vfprintf-internal.c:1263)
==3646411==    by 0x492479E: printf (printf.c:33)
==3646411==    by 0x405F39: main (main.c:32)
==3646411== 
==3646411== 1,024 bytes in 1 blocks are still reachable in loss record 59 of 98
==3646411==    at 0x4848899: malloc (in /usr/libexec/valgrind/vgpreload_memcheck-amd64-linux.so)
==3646411==    by 0x48AA4A7: xrealloc (in /usr/lib/x86_64-linux-gnu/libreadline.so.8.1)
==3646411==    by 0x4893C7B: ??? (in /usr/lib/x86_64-linux-gnu/libreadline.so.8.1)
==3646411==    by 0x4893D67: ??? (in /usr/lib/x86_64-linux-gnu/libreadline.so.8.1)
==3646411==    by 0x489CC7E: rl_redisplay (in /usr/lib/x86_64-linux-gnu/libreadline.so.8.1)
==3646411==    by 0x4887458: readline_internal_setup (in /usr/lib/x86_64-linux-gnu/libreadline.so.8.1)
==3646411==    by 0x4891CF8: readline (in /usr/lib/x86_64-linux-gnu/libreadline.so.8.1)
==3646411==    by 0x40502B: read_a_line (input.c:46)
==3646411==    by 0x404FA4: read_input (input.c:62)
==3646411==    by 0x404574: s_process_loop (input_utils.c:52)
==3646411==    by 0x405F42: main (main.c:33)
==3646411== 
==3646411== 1,024 bytes in 1 blocks are still reachable in loss record 60 of 98
==3646411==    at 0x4848899: malloc (in /usr/libexec/valgrind/vgpreload_memcheck-amd64-linux.so)
==3646411==    by 0x48AA4A7: xrealloc (in /usr/lib/x86_64-linux-gnu/libreadline.so.8.1)
==3646411==    by 0x4893C8B: ??? (in /usr/lib/x86_64-linux-gnu/libreadline.so.8.1)
==3646411==    by 0x4893D67: ??? (in /usr/lib/x86_64-linux-gnu/libreadline.so.8.1)
==3646411==    by 0x489CC7E: rl_redisplay (in /usr/lib/x86_64-linux-gnu/libreadline.so.8.1)
==3646411==    by 0x4887458: readline_internal_setup (in /usr/lib/x86_64-linux-gnu/libreadline.so.8.1)
==3646411==    by 0x4891CF8: readline (in /usr/lib/x86_64-linux-gnu/libreadline.so.8.1)
==3646411==    by 0x40502B: read_a_line (input.c:46)
==3646411==    by 0x404FA4: read_input (input.c:62)
==3646411==    by 0x404574: s_process_loop (input_utils.c:52)
==3646411==    by 0x405F42: main (main.c:33)
==3646411== 
==3646411== 1,024 bytes in 1 blocks are still reachable in loss record 61 of 98
==3646411==    at 0x4848899: malloc (in /usr/libexec/valgrind/vgpreload_memcheck-amd64-linux.so)
==3646411==    by 0x48AA4A7: xrealloc (in /usr/lib/x86_64-linux-gnu/libreadline.so.8.1)
==3646411==    by 0x4893CA2: ??? (in /usr/lib/x86_64-linux-gnu/libreadline.so.8.1)
==3646411==    by 0x4893D67: ??? (in /usr/lib/x86_64-linux-gnu/libreadline.so.8.1)
==3646411==    by 0x489CC7E: rl_redisplay (in /usr/lib/x86_64-linux-gnu/libreadline.so.8.1)
==3646411==    by 0x4887458: readline_internal_setup (in /usr/lib/x86_64-linux-gnu/libreadline.so.8.1)
==3646411==    by 0x4891CF8: readline (in /usr/lib/x86_64-linux-gnu/libreadline.so.8.1)
==3646411==    by 0x40502B: read_a_line (input.c:46)
==3646411==    by 0x404FA4: read_input (input.c:62)
==3646411==    by 0x404574: s_process_loop (input_utils.c:52)
==3646411==    by 0x405F42: main (main.c:33)
==3646411== 
==3646411== 1,024 bytes in 1 blocks are still reachable in loss record 62 of 98
==3646411==    at 0x4848899: malloc (in /usr/libexec/valgrind/vgpreload_memcheck-amd64-linux.so)
==3646411==    by 0x48AA4A7: xrealloc (in /usr/lib/x86_64-linux-gnu/libreadline.so.8.1)
==3646411==    by 0x4893CBB: ??? (in /usr/lib/x86_64-linux-gnu/libreadline.so.8.1)
==3646411==    by 0x4893D67: ??? (in /usr/lib/x86_64-linux-gnu/libreadline.so.8.1)
==3646411==    by 0x489CC7E: rl_redisplay (in /usr/lib/x86_64-linux-gnu/libreadline.so.8.1)
==3646411==    by 0x4887458: readline_internal_setup (in /usr/lib/x86_64-linux-gnu/libreadline.so.8.1)
==3646411==    by 0x4891CF8: readline (in /usr/lib/x86_64-linux-gnu/libreadline.so.8.1)
==3646411==    by 0x40502B: read_a_line (input.c:46)
==3646411==    by 0x404FA4: read_input (input.c:62)
==3646411==    by 0x404574: s_process_loop (input_utils.c:52)
==3646411==    by 0x405F42: main (main.c:33)
==3646411== 
==3646411== 1,024 bytes in 1 blocks are still reachable in loss record 63 of 98
==3646411==    at 0x4848899: malloc (in /usr/libexec/valgrind/vgpreload_memcheck-amd64-linux.so)
==3646411==    by 0x48A9BAC: xmalloc (in /usr/lib/x86_64-linux-gnu/libreadline.so.8.1)
==3646411==    by 0x4893DC5: ??? (in /usr/lib/x86_64-linux-gnu/libreadline.so.8.1)
==3646411==    by 0x489CC7E: rl_redisplay (in /usr/lib/x86_64-linux-gnu/libreadline.so.8.1)
==3646411==    by 0x4887458: readline_internal_setup (in /usr/lib/x86_64-linux-gnu/libreadline.so.8.1)
==3646411==    by 0x4891CF8: readline (in /usr/lib/x86_64-linux-gnu/libreadline.so.8.1)
==3646411==    by 0x40502B: read_a_line (input.c:46)
==3646411==    by 0x404FA4: read_input (input.c:62)
==3646411==    by 0x404574: s_process_loop (input_utils.c:52)
==3646411==    by 0x405F42: main (main.c:33)
==3646411== 
==3646411== 1,024 bytes in 1 blocks are still reachable in loss record 64 of 98
==3646411==    at 0x4848899: malloc (in /usr/libexec/valgrind/vgpreload_memcheck-amd64-linux.so)
==3646411==    by 0x48A9BAC: xmalloc (in /usr/lib/x86_64-linux-gnu/libreadline.so.8.1)
==3646411==    by 0x4893DDA: ??? (in /usr/lib/x86_64-linux-gnu/libreadline.so.8.1)
==3646411==    by 0x489CC7E: rl_redisplay (in /usr/lib/x86_64-linux-gnu/libreadline.so.8.1)
==3646411==    by 0x4887458: readline_internal_setup (in /usr/lib/x86_64-linux-gnu/libreadline.so.8.1)
==3646411==    by 0x4891CF8: readline (in /usr/lib/x86_64-linux-gnu/libreadline.so.8.1)
==3646411==    by 0x40502B: read_a_line (input.c:46)
==3646411==    by 0x404FA4: read_input (input.c:62)
==3646411==    by 0x404574: s_process_loop (input_utils.c:52)
==3646411==    by 0x405F42: main (main.c:33)
==3646411== 
==3646411== 1,024 bytes in 1 blocks are still reachable in loss record 65 of 98
==3646411==    at 0x4848899: malloc (in /usr/libexec/valgrind/vgpreload_memcheck-amd64-linux.so)
==3646411==    by 0x48A9BAC: xmalloc (in /usr/lib/x86_64-linux-gnu/libreadline.so.8.1)
==3646411==    by 0x4893DE8: ??? (in /usr/lib/x86_64-linux-gnu/libreadline.so.8.1)
==3646411==    by 0x489CC7E: rl_redisplay (in /usr/lib/x86_64-linux-gnu/libreadline.so.8.1)
==3646411==    by 0x4887458: readline_internal_setup (in /usr/lib/x86_64-linux-gnu/libreadline.so.8.1)
==3646411==    by 0x4891CF8: readline (in /usr/lib/x86_64-linux-gnu/libreadline.so.8.1)
==3646411==    by 0x40502B: read_a_line (input.c:46)
==3646411==    by 0x404FA4: read_input (input.c:62)
==3646411==    by 0x404574: s_process_loop (input_utils.c:52)
==3646411==    by 0x405F42: main (main.c:33)
==3646411== 
==3646411== 1,024 bytes in 1 blocks are still reachable in loss record 66 of 98
==3646411==    at 0x4848899: malloc (in /usr/libexec/valgrind/vgpreload_memcheck-amd64-linux.so)
==3646411==    by 0x48A9BAC: xmalloc (in /usr/lib/x86_64-linux-gnu/libreadline.so.8.1)
==3646411==    by 0x4893DF6: ??? (in /usr/lib/x86_64-linux-gnu/libreadline.so.8.1)
==3646411==    by 0x489CC7E: rl_redisplay (in /usr/lib/x86_64-linux-gnu/libreadline.so.8.1)
==3646411==    by 0x4887458: readline_internal_setup (in /usr/lib/x86_64-linux-gnu/libreadline.so.8.1)
==3646411==    by 0x4891CF8: readline (in /usr/lib/x86_64-linux-gnu/libreadline.so.8.1)
==3646411==    by 0x40502B: read_a_line (input.c:46)
==3646411==    by 0x404FA4: read_input (input.c:62)
==3646411==    by 0x404574: s_process_loop (input_utils.c:52)
==3646411==    by 0x405F42: main (main.c:33)
==3646411== 
==3646411== 1,536 bytes in 1 blocks are still reachable in loss record 67 of 98
==3646411==    at 0x484DCD3: realloc (in /usr/libexec/valgrind/vgpreload_memcheck-amd64-linux.so)
==3646411==    by 0x48AA491: xrealloc (in /usr/lib/x86_64-linux-gnu/libreadline.so.8.1)
==3646411==    by 0x4887877: rl_add_funmap_entry (in /usr/lib/x86_64-linux-gnu/libreadline.so.8.1)
==3646411==    by 0x48878C8: rl_initialize_funmap (in /usr/lib/x86_64-linux-gnu/libreadline.so.8.1)
==3646411==    by 0x4891A2C: rl_initialize (in /usr/lib/x86_64-linux-gnu/libreadline.so.8.1)
==3646411==    by 0x4891CD4: readline (in /usr/lib/x86_64-linux-gnu/libreadline.so.8.1)
==3646411==    by 0x40502B: read_a_line (input.c:46)
==3646411==    by 0x404FA4: read_input (input.c:62)
==3646411==    by 0x404574: s_process_loop (input_utils.c:52)
==3646411==    by 0x405F42: main (main.c:33)
==3646411== 
==3646411== 1,600 bytes in 1 blocks are still reachable in loss record 68 of 98
==3646411==    at 0x48487A9: malloc (in /usr/libexec/valgrind/vgpreload_memcheck-amd64-linux.so)
==3646411==    by 0x4901A3E: extend_alias_table (localealias.c:401)
==3646411==    by 0x4901A3E: read_alias_file (localealias.c:313)
==3646411==    by 0x4901BB2: _nl_expand_alias (localealias.c:198)
==3646411==    by 0x48FB477: _nl_find_locale (findlocale.c:158)
==3646411==    by 0x48FAA90: setlocale (setlocale.c:414)
==3646411==    by 0x48FAA90: setlocale (setlocale.c:217)
==3646411==    by 0x48A3C45: _rl_init_locale (in /usr/lib/x86_64-linux-gnu/libreadline.so.8.1)
==3646411==    by 0x48A3D2C: _rl_init_eightbit (in /usr/lib/x86_64-linux-gnu/libreadline.so.8.1)
==3646411==    by 0x4891A31: rl_initialize (in /usr/lib/x86_64-linux-gnu/libreadline.so.8.1)
==3646411==    by 0x4891CD4: readline (in /usr/lib/x86_64-linux-gnu/libreadline.so.8.1)
==3646411==    by 0x40502B: read_a_line (input.c:46)
==3646411==    by 0x404FA4: read_input (input.c:62)
==3646411==    by 0x404574: s_process_loop (input_utils.c:52)
==3646411== 
==3646411== 1,664 bytes in 1 blocks are still reachable in loss record 69 of 98
==3646411==    at 0x4848899: malloc (in /usr/libexec/valgrind/vgpreload_memcheck-amd64-linux.so)
==3646411==    by 0x4B07ACD: _nc_read_termtype (in /usr/lib/x86_64-linux-gnu/libtinfo.so.6.3)
==3646411==    by 0x4B0852A: ??? (in /usr/lib/x86_64-linux-gnu/libtinfo.so.6.3)
==3646411==    by 0x4B0AC40: ??? (in /usr/lib/x86_64-linux-gnu/libtinfo.so.6.3)
==3646411==    by 0x4B086BB: _nc_read_entry2 (in /usr/lib/x86_64-linux-gnu/libtinfo.so.6.3)
==3646411==    by 0x4B08711: ??? (in /usr/lib/x86_64-linux-gnu/libtinfo.so.6.3)
==3646411==    by 0x4B08866: _nc_setupterm (in /usr/lib/x86_64-linux-gnu/libtinfo.so.6.3)
==3646411==    by 0x4B094C9: tgetent_sp (in /usr/lib/x86_64-linux-gnu/libtinfo.so.6.3)
==3646411==    by 0x48A51CD: _rl_init_terminal_io (in /usr/lib/x86_64-linux-gnu/libreadline.so.8.1)
==3646411==    by 0x4891A0F: rl_initialize (in /usr/lib/x86_64-linux-gnu/libreadline.so.8.1)
==3646411==    by 0x4891CD4: readline (in /usr/lib/x86_64-linux-gnu/libreadline.so.8.1)
==3646411==    by 0x40502B: read_a_line (input.c:46)
==3646411== 
==3646411== 2,032 bytes in 1 blocks are still reachable in loss record 70 of 98
==3646411==    at 0x4848899: malloc (in /usr/libexec/valgrind/vgpreload_memcheck-amd64-linux.so)
==3646411==    by 0x48A9BAC: xmalloc (in /usr/lib/x86_64-linux-gnu/libreadline.so.8.1)
==3646411==    by 0x48A5419: _rl_init_terminal_io (in /usr/lib/x86_64-linux-gnu/libreadline.so.8.1)
==3646411==    by 0x4891A0F: rl_initialize (in /usr/lib/x86_64-linux-gnu/libreadline.so.8.1)
==3646411==    by 0x4891CD4: readline (in /usr/lib/x86_64-linux-gnu/libreadline.so.8.1)
==3646411==    by 0x40502B: read_a_line (input.c:46)
==3646411==    by 0x404FA4: read_input (input.c:62)
==3646411==    by 0x404574: s_process_loop (input_utils.c:52)
==3646411==    by 0x405F42: main (main.c:33)
==3646411== 
==3646411== 2,048 bytes in 1 blocks are still reachable in loss record 71 of 98
==3646411==    at 0x484DCD3: realloc (in /usr/libexec/valgrind/vgpreload_memcheck-amd64-linux.so)
==3646411==    by 0x490193D: read_alias_file (localealias.c:333)
==3646411==    by 0x4901BB2: _nl_expand_alias (localealias.c:198)
==3646411==    by 0x48FB477: _nl_find_locale (findlocale.c:158)
==3646411==    by 0x48FAA90: setlocale (setlocale.c:414)
==3646411==    by 0x48FAA90: setlocale (setlocale.c:217)
==3646411==    by 0x48A3C45: _rl_init_locale (in /usr/lib/x86_64-linux-gnu/libreadline.so.8.1)
==3646411==    by 0x48A3D2C: _rl_init_eightbit (in /usr/lib/x86_64-linux-gnu/libreadline.so.8.1)
==3646411==    by 0x4891A31: rl_initialize (in /usr/lib/x86_64-linux-gnu/libreadline.so.8.1)
==3646411==    by 0x4891CD4: readline (in /usr/lib/x86_64-linux-gnu/libreadline.so.8.1)
==3646411==    by 0x40502B: read_a_line (input.c:46)
==3646411==    by 0x404FA4: read_input (input.c:62)
==3646411==    by 0x404574: s_process_loop (input_utils.c:52)
==3646411== 
==3646411== 2,240 bytes in 140 blocks are still reachable in loss record 72 of 98
==3646411==    at 0x4848899: malloc (in /usr/libexec/valgrind/vgpreload_memcheck-amd64-linux.so)
==3646411==    by 0x48A9BAC: xmalloc (in /usr/lib/x86_64-linux-gnu/libreadline.so.8.1)
==3646411==    by 0x4887822: rl_add_funmap_entry (in /usr/lib/x86_64-linux-gnu/libreadline.so.8.1)
==3646411==    by 0x48878C8: rl_initialize_funmap (in /usr/lib/x86_64-linux-gnu/libreadline.so.8.1)
==3646411==    by 0x4891A2C: rl_initialize (in /usr/lib/x86_64-linux-gnu/libreadline.so.8.1)
==3646411==    by 0x4891CD4: readline (in /usr/lib/x86_64-linux-gnu/libreadline.so.8.1)
==3646411==    by 0x40502B: read_a_line (input.c:46)
==3646411==    by 0x404FA4: read_input (input.c:62)
==3646411==    by 0x404574: s_process_loop (input_utils.c:52)
==3646411==    by 0x405F42: main (main.c:33)
==3646411== 
==3646411== 2,986 bytes in 70 blocks are still reachable in loss record 73 of 98
==3646411==    at 0x4848899: malloc (in /usr/libexec/valgrind/vgpreload_memcheck-amd64-linux.so)
==3646411==    by 0x496C58E: strdup (strdup.c:42)
==3646411==    by 0x403E92: dup_envp (env.c:31)
==3646411==    by 0x405EEB: main (main.c:23)
==3646411== 
==3646411== 3,904 bytes in 1 blocks are still reachable in loss record 74 of 98
==3646411==    at 0x484DCD3: realloc (in /usr/libexec/valgrind/vgpreload_memcheck-amd64-linux.so)
==3646411==    by 0x4AFD6CC: _nc_doalloc (in /usr/lib/x86_64-linux-gnu/libtinfo.so.6.3)
==3646411==    by 0x4B081B5: _nc_read_termtype (in /usr/lib/x86_64-linux-gnu/libtinfo.so.6.3)
==3646411==    by 0x4B0852A: ??? (in /usr/lib/x86_64-linux-gnu/libtinfo.so.6.3)
==3646411==    by 0x4B0AC40: ??? (in /usr/lib/x86_64-linux-gnu/libtinfo.so.6.3)
==3646411==    by 0x4B086BB: _nc_read_entry2 (in /usr/lib/x86_64-linux-gnu/libtinfo.so.6.3)
==3646411==    by 0x4B08711: ??? (in /usr/lib/x86_64-linux-gnu/libtinfo.so.6.3)
==3646411==    by 0x4B08866: _nc_setupterm (in /usr/lib/x86_64-linux-gnu/libtinfo.so.6.3)
==3646411==    by 0x4B094C9: tgetent_sp (in /usr/lib/x86_64-linux-gnu/libtinfo.so.6.3)
==3646411==    by 0x48A51CD: _rl_init_terminal_io (in /usr/lib/x86_64-linux-gnu/libreadline.so.8.1)
==3646411==    by 0x4891A0F: rl_initialize (in /usr/lib/x86_64-linux-gnu/libreadline.so.8.1)
==3646411==    by 0x4891CD4: readline (in /usr/lib/x86_64-linux-gnu/libreadline.so.8.1)
==3646411== 
==3646411== 3,904 bytes in 1 blocks are still reachable in loss record 75 of 98
==3646411==    at 0x4848899: malloc (in /usr/libexec/valgrind/vgpreload_memcheck-amd64-linux.so)
==3646411==    by 0x4AFCFFF: ??? (in /usr/lib/x86_64-linux-gnu/libtinfo.so.6.3)
==3646411==    by 0x4B0887D: _nc_setupterm (in /usr/lib/x86_64-linux-gnu/libtinfo.so.6.3)
==3646411==    by 0x4B094C9: tgetent_sp (in /usr/lib/x86_64-linux-gnu/libtinfo.so.6.3)
==3646411==    by 0x48A51CD: _rl_init_terminal_io (in /usr/lib/x86_64-linux-gnu/libreadline.so.8.1)
==3646411==    by 0x4891A0F: rl_initialize (in /usr/lib/x86_64-linux-gnu/libreadline.so.8.1)
==3646411==    by 0x4891CD4: readline (in /usr/lib/x86_64-linux-gnu/libreadline.so.8.1)
==3646411==    by 0x40502B: read_a_line (input.c:46)
==3646411==    by 0x404FA4: read_input (input.c:62)
==3646411==    by 0x404574: s_process_loop (input_utils.c:52)
==3646411==    by 0x405F42: main (main.c:33)
==3646411== 
==3646411== 4,016 bytes in 1 blocks are still reachable in loss record 76 of 98
==3646411==    at 0x4848899: malloc (in /usr/libexec/valgrind/vgpreload_memcheck-amd64-linux.so)
==3646411==    by 0x48A9BAC: xmalloc (in /usr/lib/x86_64-linux-gnu/libreadline.so.8.1)
==3646411==    by 0x48A2FD6: add_history (in /usr/lib/x86_64-linux-gnu/libreadline.so.8.1)
==3646411==    by 0x40505C: read_a_line (input.c:49)
==3646411==    by 0x404FA4: read_input (input.c:62)
==3646411==    by 0x404574: s_process_loop (input_utils.c:52)
==3646411==    by 0x405F42: main (main.c:33)
==3646411== 
==3646411== 4,080 bytes in 1 blocks are still reachable in loss record 77 of 98
==3646411==    at 0x4848899: malloc (in /usr/libexec/valgrind/vgpreload_memcheck-amd64-linux.so)
==3646411==    by 0x48A9BAC: xmalloc (in /usr/lib/x86_64-linux-gnu/libreadline.so.8.1)
==3646411==    by 0x48A53F9: _rl_init_terminal_io (in /usr/lib/x86_64-linux-gnu/libreadline.so.8.1)
==3646411==    by 0x4891A0F: rl_initialize (in /usr/lib/x86_64-linux-gnu/libreadline.so.8.1)
==3646411==    by 0x4891CD4: readline (in /usr/lib/x86_64-linux-gnu/libreadline.so.8.1)
==3646411==    by 0x40502B: read_a_line (input.c:46)
==3646411==    by 0x404FA4: read_input (input.c:62)
==3646411==    by 0x404574: s_process_loop (input_utils.c:52)
==3646411==    by 0x405F42: main (main.c:33)
==3646411== 
==3646411== 4,112 bytes in 1 blocks are still reachable in loss record 78 of 98
==3646411==    at 0x4848899: malloc (in /usr/libexec/valgrind/vgpreload_memcheck-amd64-linux.so)
==3646411==    by 0x48A9BAC: xmalloc (in /usr/lib/x86_64-linux-gnu/libreadline.so.8.1)
==3646411==    by 0x4886251: rl_make_bare_keymap (in /usr/lib/x86_64-linux-gnu/libreadline.so.8.1)
==3646411==    by 0x4886B6A: rl_generic_bind (in /usr/lib/x86_64-linux-gnu/libreadline.so.8.1)
==3646411==    by 0x489175D: rl_bind_keyseq_if_unbound_in_map (in /usr/lib/x86_64-linux-gnu/libreadline.so.8.1)
==3646411==    by 0x48A4DD5: ??? (in /usr/lib/x86_64-linux-gnu/libreadline.so.8.1)
==3646411==    by 0x48A531F: _rl_init_terminal_io (in /usr/lib/x86_64-linux-gnu/libreadline.so.8.1)
==3646411==    by 0x4891A0F: rl_initialize (in /usr/lib/x86_64-linux-gnu/libreadline.so.8.1)
==3646411==    by 0x4891CD4: readline (in /usr/lib/x86_64-linux-gnu/libreadline.so.8.1)
==3646411==    by 0x40502B: read_a_line (input.c:46)
==3646411==    by 0x404FA4: read_input (input.c:62)
==3646411==    by 0x404574: s_process_loop (input_utils.c:52)
==3646411== 
==3646411== 4,112 bytes in 1 blocks are still reachable in loss record 79 of 98
==3646411==    at 0x4848899: malloc (in /usr/libexec/valgrind/vgpreload_memcheck-amd64-linux.so)
==3646411==    by 0x48A9BAC: xmalloc (in /usr/lib/x86_64-linux-gnu/libreadline.so.8.1)
==3646411==    by 0x4886251: rl_make_bare_keymap (in /usr/lib/x86_64-linux-gnu/libreadline.so.8.1)
==3646411==    by 0x4886B6A: rl_generic_bind (in /usr/lib/x86_64-linux-gnu/libreadline.so.8.1)
==3646411==    by 0x489175D: rl_bind_keyseq_if_unbound_in_map (in /usr/lib/x86_64-linux-gnu/libreadline.so.8.1)
==3646411==    by 0x48A4E5A: ??? (in /usr/lib/x86_64-linux-gnu/libreadline.so.8.1)
==3646411==    by 0x48A531F: _rl_init_terminal_io (in /usr/lib/x86_64-linux-gnu/libreadline.so.8.1)
==3646411==    by 0x4891A0F: rl_initialize (in /usr/lib/x86_64-linux-gnu/libreadline.so.8.1)
==3646411==    by 0x4891CD4: readline (in /usr/lib/x86_64-linux-gnu/libreadline.so.8.1)
==3646411==    by 0x40502B: read_a_line (input.c:46)
==3646411==    by 0x404FA4: read_input (input.c:62)
==3646411==    by 0x404574: s_process_loop (input_utils.c:52)
==3646411== 
==3646411== 4,112 bytes in 1 blocks are still reachable in loss record 80 of 98
==3646411==    at 0x4848899: malloc (in /usr/libexec/valgrind/vgpreload_memcheck-amd64-linux.so)
==3646411==    by 0x48A9BAC: xmalloc (in /usr/lib/x86_64-linux-gnu/libreadline.so.8.1)
==3646411==    by 0x4886251: rl_make_bare_keymap (in /usr/lib/x86_64-linux-gnu/libreadline.so.8.1)
==3646411==    by 0x4886B6A: rl_generic_bind (in /usr/lib/x86_64-linux-gnu/libreadline.so.8.1)
==3646411==    by 0x489175D: rl_bind_keyseq_if_unbound_in_map (in /usr/lib/x86_64-linux-gnu/libreadline.so.8.1)
==3646411==    by 0x48A4E5A: ??? (in /usr/lib/x86_64-linux-gnu/libreadline.so.8.1)
==3646411==    by 0x48A532B: _rl_init_terminal_io (in /usr/lib/x86_64-linux-gnu/libreadline.so.8.1)
==3646411==    by 0x4891A0F: rl_initialize (in /usr/lib/x86_64-linux-gnu/libreadline.so.8.1)
==3646411==    by 0x4891CD4: readline (in /usr/lib/x86_64-linux-gnu/libreadline.so.8.1)
==3646411==    by 0x40502B: read_a_line (input.c:46)
==3646411==    by 0x404FA4: read_input (input.c:62)
==3646411==    by 0x404574: s_process_loop (input_utils.c:52)
==3646411== 
==3646411== 4,112 bytes in 1 blocks are still reachable in loss record 81 of 98
==3646411==    at 0x4848899: malloc (in /usr/libexec/valgrind/vgpreload_memcheck-amd64-linux.so)
==3646411==    by 0x48A9BAC: xmalloc (in /usr/lib/x86_64-linux-gnu/libreadline.so.8.1)
==3646411==    by 0x4886251: rl_make_bare_keymap (in /usr/lib/x86_64-linux-gnu/libreadline.so.8.1)
==3646411==    by 0x4886B6A: rl_generic_bind (in /usr/lib/x86_64-linux-gnu/libreadline.so.8.1)
==3646411==    by 0x489175D: rl_bind_keyseq_if_unbound_in_map (in /usr/lib/x86_64-linux-gnu/libreadline.so.8.1)
==3646411==    by 0x48A4E5A: ??? (in /usr/lib/x86_64-linux-gnu/libreadline.so.8.1)
==3646411==    by 0x48A5337: _rl_init_terminal_io (in /usr/lib/x86_64-linux-gnu/libreadline.so.8.1)
==3646411==    by 0x4891A0F: rl_initialize (in /usr/lib/x86_64-linux-gnu/libreadline.so.8.1)
==3646411==    by 0x4891CD4: readline (in /usr/lib/x86_64-linux-gnu/libreadline.so.8.1)
==3646411==    by 0x40502B: read_a_line (input.c:46)
==3646411==    by 0x404FA4: read_input (input.c:62)
==3646411==    by 0x404574: s_process_loop (input_utils.c:52)
==3646411== 
==3646411== 4,112 bytes in 1 blocks are still reachable in loss record 82 of 98
==3646411==    at 0x4848899: malloc (in /usr/libexec/valgrind/vgpreload_memcheck-amd64-linux.so)
==3646411==    by 0x48A9BAC: xmalloc (in /usr/lib/x86_64-linux-gnu/libreadline.so.8.1)
==3646411==    by 0x4886251: rl_make_bare_keymap (in /usr/lib/x86_64-linux-gnu/libreadline.so.8.1)
==3646411==    by 0x4886B6A: rl_generic_bind (in /usr/lib/x86_64-linux-gnu/libreadline.so.8.1)
==3646411==    by 0x489175D: rl_bind_keyseq_if_unbound_in_map (in /usr/lib/x86_64-linux-gnu/libreadline.so.8.1)
==3646411==    by 0x489194C: ??? (in /usr/lib/x86_64-linux-gnu/libreadline.so.8.1)
==3646411==    by 0x4891A84: rl_initialize (in /usr/lib/x86_64-linux-gnu/libreadline.so.8.1)
==3646411==    by 0x4891CD4: readline (in /usr/lib/x86_64-linux-gnu/libreadline.so.8.1)
==3646411==    by 0x40502B: read_a_line (input.c:46)
==3646411==    by 0x404FA4: read_input (input.c:62)
==3646411==    by 0x404574: s_process_loop (input_utils.c:52)
==3646411==    by 0x405F42: main (main.c:33)
==3646411== 
==3646411== 4,112 bytes in 1 blocks are still reachable in loss record 83 of 98
==3646411==    at 0x4848899: malloc (in /usr/libexec/valgrind/vgpreload_memcheck-amd64-linux.so)
==3646411==    by 0x48A9BAC: xmalloc (in /usr/lib/x86_64-linux-gnu/libreadline.so.8.1)
==3646411==    by 0x4886251: rl_make_bare_keymap (in /usr/lib/x86_64-linux-gnu/libreadline.so.8.1)
==3646411==    by 0x4886B6A: rl_generic_bind (in /usr/lib/x86_64-linux-gnu/libreadline.so.8.1)
==3646411==    by 0x489175D: rl_bind_keyseq_if_unbound_in_map (in /usr/lib/x86_64-linux-gnu/libreadline.so.8.1)
==3646411==    by 0x489194C: ??? (in /usr/lib/x86_64-linux-gnu/libreadline.so.8.1)
==3646411==    by 0x4891A93: rl_initialize (in /usr/lib/x86_64-linux-gnu/libreadline.so.8.1)
==3646411==    by 0x4891CD4: readline (in /usr/lib/x86_64-linux-gnu/libreadline.so.8.1)
==3646411==    by 0x40502B: read_a_line (input.c:46)
==3646411==    by 0x404FA4: read_input (input.c:62)
==3646411==    by 0x404574: s_process_loop (input_utils.c:52)
==3646411==    by 0x405F42: main (main.c:33)
==3646411== 
==3646411== 4,112 bytes in 1 blocks are still reachable in loss record 84 of 98
==3646411==    at 0x4848899: malloc (in /usr/libexec/valgrind/vgpreload_memcheck-amd64-linux.so)
==3646411==    by 0x48A9BAC: xmalloc (in /usr/lib/x86_64-linux-gnu/libreadline.so.8.1)
==3646411==    by 0x4886251: rl_make_bare_keymap (in /usr/lib/x86_64-linux-gnu/libreadline.so.8.1)
==3646411==    by 0x4886B6A: rl_generic_bind (in /usr/lib/x86_64-linux-gnu/libreadline.so.8.1)
==3646411==    by 0x489175D: rl_bind_keyseq_if_unbound_in_map (in /usr/lib/x86_64-linux-gnu/libreadline.so.8.1)
==3646411==    by 0x489194C: ??? (in /usr/lib/x86_64-linux-gnu/libreadline.so.8.1)
==3646411==    by 0x4891AB8: rl_initialize (in /usr/lib/x86_64-linux-gnu/libreadline.so.8.1)
==3646411==    by 0x4891CD4: readline (in /usr/lib/x86_64-linux-gnu/libreadline.so.8.1)
==3646411==    by 0x40502B: read_a_line (input.c:46)
==3646411==    by 0x404FA4: read_input (input.c:62)
==3646411==    by 0x404574: s_process_loop (input_utils.c:52)
==3646411==    by 0x405F42: main (main.c:33)
==3646411== 
==3646411== 7,952 bytes in 1 blocks are still reachable in loss record 85 of 98
==3646411==    at 0x484DA83: calloc (in /usr/libexec/valgrind/vgpreload_memcheck-amd64-linux.so)
==3646411==    by 0x4AFBC97: ??? (in /usr/lib/x86_64-linux-gnu/libtinfo.so.6.3)
==3646411==    by 0x4AFD3AF: _nc_find_type_entry (in /usr/lib/x86_64-linux-gnu/libtinfo.so.6.3)
==3646411==    by 0x4AFFE4C: tgetstr_sp (in /usr/lib/x86_64-linux-gnu/libtinfo.so.6.3)
==3646411==    by 0x48A521A: _rl_init_terminal_io (in /usr/lib/x86_64-linux-gnu/libreadline.so.8.1)
==3646411==    by 0x4891A0F: rl_initialize (in /usr/lib/x86_64-linux-gnu/libreadline.so.8.1)
==3646411==    by 0x4891CD4: readline (in /usr/lib/x86_64-linux-gnu/libreadline.so.8.1)
==3646411==    by 0x40502B: read_a_line (input.c:46)
==3646411==    by 0x404FA4: read_input (input.c:62)
==3646411==    by 0x404574: s_process_loop (input_utils.c:52)
==3646411==    by 0x405F42: main (main.c:33)
==3646411== 
==3646411== 8,224 bytes in 2 blocks are still reachable in loss record 86 of 98
==3646411==    at 0x4848899: malloc (in /usr/libexec/valgrind/vgpreload_memcheck-amd64-linux.so)
==3646411==    by 0x48A9BAC: xmalloc (in /usr/lib/x86_64-linux-gnu/libreadline.so.8.1)
==3646411==    by 0x4886251: rl_make_bare_keymap (in /usr/lib/x86_64-linux-gnu/libreadline.so.8.1)
==3646411==    by 0x4886B6A: rl_generic_bind (in /usr/lib/x86_64-linux-gnu/libreadline.so.8.1)
==3646411==    by 0x489175D: rl_bind_keyseq_if_unbound_in_map (in /usr/lib/x86_64-linux-gnu/libreadline.so.8.1)
==3646411==    by 0x48A4E47: ??? (in /usr/lib/x86_64-linux-gnu/libreadline.so.8.1)
==3646411==    by 0x48A531F: _rl_init_terminal_io (in /usr/lib/x86_64-linux-gnu/libreadline.so.8.1)
==3646411==    by 0x4891A0F: rl_initialize (in /usr/lib/x86_64-linux-gnu/libreadline.so.8.1)
==3646411==    by 0x4891CD4: readline (in /usr/lib/x86_64-linux-gnu/libreadline.so.8.1)
==3646411==    by 0x40502B: read_a_line (input.c:46)
==3646411==    by 0x404FA4: read_input (input.c:62)
==3646411==    by 0x404574: s_process_loop (input_utils.c:52)
==3646411== 
==3646411== 8,224 bytes in 2 blocks are still reachable in loss record 87 of 98
==3646411==    at 0x4848899: malloc (in /usr/libexec/valgrind/vgpreload_memcheck-amd64-linux.so)
==3646411==    by 0x48A9BAC: xmalloc (in /usr/lib/x86_64-linux-gnu/libreadline.so.8.1)
==3646411==    by 0x4886251: rl_make_bare_keymap (in /usr/lib/x86_64-linux-gnu/libreadline.so.8.1)
==3646411==    by 0x4886B6A: rl_generic_bind (in /usr/lib/x86_64-linux-gnu/libreadline.so.8.1)
==3646411==    by 0x489175D: rl_bind_keyseq_if_unbound_in_map (in /usr/lib/x86_64-linux-gnu/libreadline.so.8.1)
==3646411==    by 0x48A4DD5: ??? (in /usr/lib/x86_64-linux-gnu/libreadline.so.8.1)
==3646411==    by 0x48A532B: _rl_init_terminal_io (in /usr/lib/x86_64-linux-gnu/libreadline.so.8.1)
==3646411==    by 0x4891A0F: rl_initialize (in /usr/lib/x86_64-linux-gnu/libreadline.so.8.1)
==3646411==    by 0x4891CD4: readline (in /usr/lib/x86_64-linux-gnu/libreadline.so.8.1)
==3646411==    by 0x40502B: read_a_line (input.c:46)
==3646411==    by 0x404FA4: read_input (input.c:62)
==3646411==    by 0x404574: s_process_loop (input_utils.c:52)
==3646411== 
==3646411== 8,224 bytes in 2 blocks are still reachable in loss record 88 of 98
==3646411==    at 0x4848899: malloc (in /usr/libexec/valgrind/vgpreload_memcheck-amd64-linux.so)
==3646411==    by 0x48A9BAC: xmalloc (in /usr/lib/x86_64-linux-gnu/libreadline.so.8.1)
==3646411==    by 0x4886251: rl_make_bare_keymap (in /usr/lib/x86_64-linux-gnu/libreadline.so.8.1)
==3646411==    by 0x4886B6A: rl_generic_bind (in /usr/lib/x86_64-linux-gnu/libreadline.so.8.1)
==3646411==    by 0x489175D: rl_bind_keyseq_if_unbound_in_map (in /usr/lib/x86_64-linux-gnu/libreadline.so.8.1)
==3646411==    by 0x48A4E47: ??? (in /usr/lib/x86_64-linux-gnu/libreadline.so.8.1)
==3646411==    by 0x48A532B: _rl_init_terminal_io (in /usr/lib/x86_64-linux-gnu/libreadline.so.8.1)
==3646411==    by 0x4891A0F: rl_initialize (in /usr/lib/x86_64-linux-gnu/libreadline.so.8.1)
==3646411==    by 0x4891CD4: readline (in /usr/lib/x86_64-linux-gnu/libreadline.so.8.1)
==3646411==    by 0x40502B: read_a_line (input.c:46)
==3646411==    by 0x404FA4: read_input (input.c:62)
==3646411==    by 0x404574: s_process_loop (input_utils.c:52)
==3646411== 
==3646411== 8,224 bytes in 2 blocks are still reachable in loss record 89 of 98
==3646411==    at 0x4848899: malloc (in /usr/libexec/valgrind/vgpreload_memcheck-amd64-linux.so)
==3646411==    by 0x48A9BAC: xmalloc (in /usr/lib/x86_64-linux-gnu/libreadline.so.8.1)
==3646411==    by 0x4886251: rl_make_bare_keymap (in /usr/lib/x86_64-linux-gnu/libreadline.so.8.1)
==3646411==    by 0x4886B6A: rl_generic_bind (in /usr/lib/x86_64-linux-gnu/libreadline.so.8.1)
==3646411==    by 0x489175D: rl_bind_keyseq_if_unbound_in_map (in /usr/lib/x86_64-linux-gnu/libreadline.so.8.1)
==3646411==    by 0x48A4DD5: ??? (in /usr/lib/x86_64-linux-gnu/libreadline.so.8.1)
==3646411==    by 0x48A5337: _rl_init_terminal_io (in /usr/lib/x86_64-linux-gnu/libreadline.so.8.1)
==3646411==    by 0x4891A0F: rl_initialize (in /usr/lib/x86_64-linux-gnu/libreadline.so.8.1)
==3646411==    by 0x4891CD4: readline (in /usr/lib/x86_64-linux-gnu/libreadline.so.8.1)
==3646411==    by 0x40502B: read_a_line (input.c:46)
==3646411==    by 0x404FA4: read_input (input.c:62)
==3646411==    by 0x404574: s_process_loop (input_utils.c:52)
==3646411== 
==3646411== 8,224 bytes in 2 blocks are still reachable in loss record 90 of 98
==3646411==    at 0x4848899: malloc (in /usr/libexec/valgrind/vgpreload_memcheck-amd64-linux.so)
==3646411==    by 0x48A9BAC: xmalloc (in /usr/lib/x86_64-linux-gnu/libreadline.so.8.1)
==3646411==    by 0x4886251: rl_make_bare_keymap (in /usr/lib/x86_64-linux-gnu/libreadline.so.8.1)
==3646411==    by 0x4886B6A: rl_generic_bind (in /usr/lib/x86_64-linux-gnu/libreadline.so.8.1)
==3646411==    by 0x489175D: rl_bind_keyseq_if_unbound_in_map (in /usr/lib/x86_64-linux-gnu/libreadline.so.8.1)
==3646411==    by 0x48A4E47: ??? (in /usr/lib/x86_64-linux-gnu/libreadline.so.8.1)
==3646411==    by 0x48A5337: _rl_init_terminal_io (in /usr/lib/x86_64-linux-gnu/libreadline.so.8.1)
==3646411==    by 0x4891A0F: rl_initialize (in /usr/lib/x86_64-linux-gnu/libreadline.so.8.1)
==3646411==    by 0x4891CD4: readline (in /usr/lib/x86_64-linux-gnu/libreadline.so.8.1)
==3646411==    by 0x40502B: read_a_line (input.c:46)
==3646411==    by 0x404FA4: read_input (input.c:62)
==3646411==    by 0x404574: s_process_loop (input_utils.c:52)
==3646411== 
==3646411== 8,224 bytes in 2 blocks are still reachable in loss record 91 of 98
==3646411==    at 0x4848899: malloc (in /usr/libexec/valgrind/vgpreload_memcheck-amd64-linux.so)
==3646411==    by 0x48A9BAC: xmalloc (in /usr/lib/x86_64-linux-gnu/libreadline.so.8.1)
==3646411==    by 0x4886251: rl_make_bare_keymap (in /usr/lib/x86_64-linux-gnu/libreadline.so.8.1)
==3646411==    by 0x4886B6A: rl_generic_bind (in /usr/lib/x86_64-linux-gnu/libreadline.so.8.1)
==3646411==    by 0x489175D: rl_bind_keyseq_if_unbound_in_map (in /usr/lib/x86_64-linux-gnu/libreadline.so.8.1)
==3646411==    by 0x489193D: ??? (in /usr/lib/x86_64-linux-gnu/libreadline.so.8.1)
==3646411==    by 0x4891A84: rl_initialize (in /usr/lib/x86_64-linux-gnu/libreadline.so.8.1)
==3646411==    by 0x4891CD4: readline (in /usr/lib/x86_64-linux-gnu/libreadline.so.8.1)
==3646411==    by 0x40502B: read_a_line (input.c:46)
==3646411==    by 0x404FA4: read_input (input.c:62)
==3646411==    by 0x404574: s_process_loop (input_utils.c:52)
==3646411==    by 0x405F42: main (main.c:33)
==3646411== 
==3646411== 8,224 bytes in 2 blocks are still reachable in loss record 92 of 98
==3646411==    at 0x4848899: malloc (in /usr/libexec/valgrind/vgpreload_memcheck-amd64-linux.so)
==3646411==    by 0x48A9BAC: xmalloc (in /usr/lib/x86_64-linux-gnu/libreadline.so.8.1)
==3646411==    by 0x4886251: rl_make_bare_keymap (in /usr/lib/x86_64-linux-gnu/libreadline.so.8.1)
==3646411==    by 0x4886B6A: rl_generic_bind (in /usr/lib/x86_64-linux-gnu/libreadline.so.8.1)
==3646411==    by 0x489175D: rl_bind_keyseq_if_unbound_in_map (in /usr/lib/x86_64-linux-gnu/libreadline.so.8.1)
==3646411==    by 0x489193D: ??? (in /usr/lib/x86_64-linux-gnu/libreadline.so.8.1)
==3646411==    by 0x4891A93: rl_initialize (in /usr/lib/x86_64-linux-gnu/libreadline.so.8.1)
==3646411==    by 0x4891CD4: readline (in /usr/lib/x86_64-linux-gnu/libreadline.so.8.1)
==3646411==    by 0x40502B: read_a_line (input.c:46)
==3646411==    by 0x404FA4: read_input (input.c:62)
==3646411==    by 0x404574: s_process_loop (input_utils.c:52)
==3646411==    by 0x405F42: main (main.c:33)
==3646411== 
==3646411== 8,224 bytes in 2 blocks are still reachable in loss record 93 of 98
==3646411==    at 0x4848899: malloc (in /usr/libexec/valgrind/vgpreload_memcheck-amd64-linux.so)
==3646411==    by 0x48A9BAC: xmalloc (in /usr/lib/x86_64-linux-gnu/libreadline.so.8.1)
==3646411==    by 0x4886251: rl_make_bare_keymap (in /usr/lib/x86_64-linux-gnu/libreadline.so.8.1)
==3646411==    by 0x4886B6A: rl_generic_bind (in /usr/lib/x86_64-linux-gnu/libreadline.so.8.1)
==3646411==    by 0x489175D: rl_bind_keyseq_if_unbound_in_map (in /usr/lib/x86_64-linux-gnu/libreadline.so.8.1)
==3646411==    by 0x489193D: ??? (in /usr/lib/x86_64-linux-gnu/libreadline.so.8.1)
==3646411==    by 0x4891AB8: rl_initialize (in /usr/lib/x86_64-linux-gnu/libreadline.so.8.1)
==3646411==    by 0x4891CD4: readline (in /usr/lib/x86_64-linux-gnu/libreadline.so.8.1)
==3646411==    by 0x40502B: read_a_line (input.c:46)
==3646411==    by 0x404FA4: read_input (input.c:62)
==3646411==    by 0x404574: s_process_loop (input_utils.c:52)
==3646411==    by 0x405F42: main (main.c:33)
==3646411== 
==3646411== 8,224 bytes in 2 blocks are still reachable in loss record 94 of 98
==3646411==    at 0x4848899: malloc (in /usr/libexec/valgrind/vgpreload_memcheck-amd64-linux.so)
==3646411==    by 0x48A9BAC: xmalloc (in /usr/lib/x86_64-linux-gnu/libreadline.so.8.1)
==3646411==    by 0x4886251: rl_make_bare_keymap (in /usr/lib/x86_64-linux-gnu/libreadline.so.8.1)
==3646411==    by 0x4886B6A: rl_generic_bind (in /usr/lib/x86_64-linux-gnu/libreadline.so.8.1)
==3646411==    by 0x489175D: rl_bind_keyseq_if_unbound_in_map (in /usr/lib/x86_64-linux-gnu/libreadline.so.8.1)
==3646411==    by 0x4891AD2: rl_initialize (in /usr/lib/x86_64-linux-gnu/libreadline.so.8.1)
==3646411==    by 0x4891CD4: readline (in /usr/lib/x86_64-linux-gnu/libreadline.so.8.1)
==3646411==    by 0x40502B: read_a_line (input.c:46)
==3646411==    by 0x404FA4: read_input (input.c:62)
==3646411==    by 0x404574: s_process_loop (input_utils.c:52)
==3646411==    by 0x405F42: main (main.c:33)
==3646411== 
==3646411== 8,224 bytes in 2 blocks are still reachable in loss record 95 of 98
==3646411==    at 0x4848899: malloc (in /usr/libexec/valgrind/vgpreload_memcheck-amd64-linux.so)
==3646411==    by 0x48A9BAC: xmalloc (in /usr/lib/x86_64-linux-gnu/libreadline.so.8.1)
==3646411==    by 0x4886251: rl_make_bare_keymap (in /usr/lib/x86_64-linux-gnu/libreadline.so.8.1)
==3646411==    by 0x4886B6A: rl_generic_bind (in /usr/lib/x86_64-linux-gnu/libreadline.so.8.1)
==3646411==    by 0x489175D: rl_bind_keyseq_if_unbound_in_map (in /usr/lib/x86_64-linux-gnu/libreadline.so.8.1)
==3646411==    by 0x4891AE1: rl_initialize (in /usr/lib/x86_64-linux-gnu/libreadline.so.8.1)
==3646411==    by 0x4891CD4: readline (in /usr/lib/x86_64-linux-gnu/libreadline.so.8.1)
==3646411==    by 0x40502B: read_a_line (input.c:46)
==3646411==    by 0x404FA4: read_input (input.c:62)
==3646411==    by 0x404574: s_process_loop (input_utils.c:52)
==3646411==    by 0x405F42: main (main.c:33)
==3646411== 
==3646411== 12,336 bytes in 3 blocks are still reachable in loss record 96 of 98
==3646411==    at 0x4848899: malloc (in /usr/libexec/valgrind/vgpreload_memcheck-amd64-linux.so)
==3646411==    by 0x48A9BAC: xmalloc (in /usr/lib/x86_64-linux-gnu/libreadline.so.8.1)
==3646411==    by 0x4886251: rl_make_bare_keymap (in /usr/lib/x86_64-linux-gnu/libreadline.so.8.1)
==3646411==    by 0x4886B6A: rl_generic_bind (in /usr/lib/x86_64-linux-gnu/libreadline.so.8.1)
==3646411==    by 0x489175D: rl_bind_keyseq_if_unbound_in_map (in /usr/lib/x86_64-linux-gnu/libreadline.so.8.1)
==3646411==    by 0x4891914: ??? (in /usr/lib/x86_64-linux-gnu/libreadline.so.8.1)
==3646411==    by 0x4891A93: rl_initialize (in /usr/lib/x86_64-linux-gnu/libreadline.so.8.1)
==3646411==    by 0x4891CD4: readline (in /usr/lib/x86_64-linux-gnu/libreadline.so.8.1)
==3646411==    by 0x40502B: read_a_line (input.c:46)
==3646411==    by 0x404FA4: read_input (input.c:62)
==3646411==    by 0x404574: s_process_loop (input_utils.c:52)
==3646411==    by 0x405F42: main (main.c:33)
==3646411== 
==3646411== 12,336 bytes in 3 blocks are still reachable in loss record 97 of 98
==3646411==    at 0x4848899: malloc (in /usr/libexec/valgrind/vgpreload_memcheck-amd64-linux.so)
==3646411==    by 0x48A9BAC: xmalloc (in /usr/lib/x86_64-linux-gnu/libreadline.so.8.1)
==3646411==    by 0x4886251: rl_make_bare_keymap (in /usr/lib/x86_64-linux-gnu/libreadline.so.8.1)
==3646411==    by 0x4886B6A: rl_generic_bind (in /usr/lib/x86_64-linux-gnu/libreadline.so.8.1)
==3646411==    by 0x489175D: rl_bind_keyseq_if_unbound_in_map (in /usr/lib/x86_64-linux-gnu/libreadline.so.8.1)
==3646411==    by 0x4891914: ??? (in /usr/lib/x86_64-linux-gnu/libreadline.so.8.1)
==3646411==    by 0x4891AB8: rl_initialize (in /usr/lib/x86_64-linux-gnu/libreadline.so.8.1)
==3646411==    by 0x4891CD4: readline (in /usr/lib/x86_64-linux-gnu/libreadline.so.8.1)
==3646411==    by 0x40502B: read_a_line (input.c:46)
==3646411==    by 0x404FA4: read_input (input.c:62)
==3646411==    by 0x404574: s_process_loop (input_utils.c:52)
==3646411==    by 0x405F42: main (main.c:33)
==3646411== 
==3646411== 28,784 bytes in 7 blocks are still reachable in loss record 98 of 98
==3646411==    at 0x4848899: malloc (in /usr/libexec/valgrind/vgpreload_memcheck-amd64-linux.so)
==3646411==    by 0x48A9BAC: xmalloc (in /usr/lib/x86_64-linux-gnu/libreadline.so.8.1)
==3646411==    by 0x4886251: rl_make_bare_keymap (in /usr/lib/x86_64-linux-gnu/libreadline.so.8.1)
==3646411==    by 0x4886B6A: rl_generic_bind (in /usr/lib/x86_64-linux-gnu/libreadline.so.8.1)
==3646411==    by 0x489799E: rl_parse_and_bind (in /usr/lib/x86_64-linux-gnu/libreadline.so.8.1)
==3646411==    by 0x4897B6C: ??? (in /usr/lib/x86_64-linux-gnu/libreadline.so.8.1)
==3646411==    by 0x4891A38: rl_initialize (in /usr/lib/x86_64-linux-gnu/libreadline.so.8.1)
==3646411==    by 0x4891CD4: readline (in /usr/lib/x86_64-linux-gnu/libreadline.so.8.1)
==3646411==    by 0x40502B: read_a_line (input.c:46)
==3646411==    by 0x404FA4: read_input (input.c:62)
==3646411==    by 0x404574: s_process_loop (input_utils.c:52)
==3646411==    by 0x405F42: main (main.c:33)
==3646411== 
==3646411== LEAK SUMMARY:
==3646411==    definitely lost: 0 bytes in 0 blocks
==3646411==    indirectly lost: 0 bytes in 0 blocks
==3646411==      possibly lost: 0 bytes in 0 blocks
==3646411==    still reachable: 219,548 bytes in 356 blocks
==3646411==         suppressed: 0 bytes in 0 blocks
==3646411== 
==3646411== For lists of detected and suppressed errors, rerun with: -s
==3646411== ERROR SUMMARY: 0 errors from 0 contexts (suppressed: 0 from 0)
